<?xml version="1.0" encoding="UTF-8"?>
<coverage generated="1732008272420" clover="3.2.0">
  <project timestamp="1732008272420" name="All files">
    <metrics statements="187" coveredstatements="166" conditionals="28" coveredconditionals="21" methods="7" coveredmethods="6" elements="222" coveredelements="193" complexity="0" loc="187" ncloc="187" packages="3" files="3" classes="3"/>
    <package name="src">
      <metrics statements="37" coveredstatements="20" conditionals="12" coveredconditionals="7" methods="2" coveredmethods="1"/>
      <file name="utils.ts" path="/home/bititude/avanthik/task tracker/src/utils.ts">
        <metrics statements="37" coveredstatements="20" conditionals="12" coveredconditionals="7" methods="2" coveredmethods="1"/>
        <line num="3" count="1" type="cond" truecount="1" falsecount="0"/>
        <line num="4" count="5" type="stmt"/>
        <line num="5" count="5" type="stmt"/>
        <line num="6" count="5" type="stmt"/>
        <line num="7" count="5" type="stmt"/>
        <line num="8" count="5" type="stmt"/>
        <line num="9" count="5" type="stmt"/>
        <line num="11" count="5" type="cond" truecount="2" falsecount="0"/>
        <line num="12" count="3" type="stmt"/>
        <line num="13" count="3" type="cond" truecount="0" falsecount="1"/>
        <line num="15" count="5" type="cond" truecount="2" falsecount="0"/>
        <line num="16" count="2" type="cond" truecount="0" falsecount="1"/>
        <line num="18" count="5" type="cond" truecount="1" falsecount="0"/>
        <line num="19" count="4" type="stmt"/>
        <line num="20" count="5" type="cond" truecount="1" falsecount="1"/>
        <line num="21" count="0" type="stmt"/>
        <line num="22" count="1" type="cond" truecount="0" falsecount="1"/>
        <line num="23" count="0" type="stmt"/>
        <line num="24" count="0" type="stmt"/>
        <line num="26" count="5" type="cond" truecount="0" falsecount="1"/>
        <line num="27" count="0" type="stmt"/>
        <line num="28" count="0" type="stmt"/>
        <line num="29" count="5" type="stmt"/>
        <line num="30" count="5" type="stmt"/>
        <line num="32" count="1" type="stmt"/>
        <line num="33" count="0" type="stmt"/>
        <line num="34" count="0" type="stmt"/>
        <line num="35" count="0" type="stmt"/>
        <line num="37" count="0" type="stmt"/>
        <line num="38" count="0" type="stmt"/>
        <line num="39" count="0" type="stmt"/>
        <line num="40" count="0" type="stmt"/>
        <line num="41" count="0" type="stmt"/>
        <line num="42" count="0" type="stmt"/>
        <line num="44" count="0" type="stmt"/>
        <line num="45" count="0" type="stmt"/>
        <line num="46" count="0" type="stmt"/>
      </file>
    </package>
    <package name="src.components">
      <metrics statements="7" coveredstatements="7" conditionals="1" coveredconditionals="1" methods="1" coveredmethods="1"/>
      <file name="Error.tsx" path="/home/bititude/avanthik/task tracker/src/components/Error.tsx">
        <metrics statements="7" coveredstatements="7" conditionals="1" coveredconditionals="1" methods="1" coveredmethods="1"/>
        <line num="1" count="1" type="stmt"/>
        <line num="4" count="1" type="cond" truecount="1" falsecount="0"/>
        <line num="5" count="12" type="stmt"/>
        <line num="6" count="12" type="stmt"/>
        <line num="7" count="12" type="stmt"/>
        <line num="10" count="12" type="stmt"/>
        <line num="12" count="1" type="stmt"/>
      </file>
    </package>
    <package name="src.pages">
      <metrics statements="143" coveredstatements="139" conditionals="15" coveredconditionals="13" methods="4" coveredmethods="4"/>
      <file name="Signup.tsx" path="/home/bititude/avanthik/task tracker/src/pages/Signup.tsx">
        <metrics statements="143" coveredstatements="139" conditionals="15" coveredconditionals="13" methods="4" coveredmethods="4"/>
        <line num="1" count="1" type="stmt"/>
        <line num="2" count="1" type="stmt"/>
        <line num="3" count="1" type="stmt"/>
        <line num="4" count="1" type="stmt"/>
        <line num="5" count="1" type="stmt"/>
        <line num="8" count="1" type="cond" truecount="1" falsecount="0"/>
        <line num="9" count="43" type="stmt"/>
        <line num="10" count="43" type="stmt"/>
        <line num="11" count="43" type="stmt"/>
        <line num="12" count="43" type="stmt"/>
        <line num="13" count="43" type="stmt"/>
        <line num="14" count="43" type="stmt"/>
        <line num="15" count="43" type="stmt"/>
        <line num="16" count="43" type="stmt"/>
        <line num="17" count="43" type="stmt"/>
        <line num="18" count="43" type="stmt"/>
        <line num="19" count="43" type="stmt"/>
        <line num="21" count="43" type="cond" truecount="1" falsecount="0"/>
        <line num="22" count="16" type="cond" truecount="1" falsecount="0"/>
        <line num="23" count="8" type="cond" truecount="1" falsecount="0"/>
        <line num="24" count="1" type="stmt"/>
        <line num="25" count="8" type="stmt"/>
        <line num="26" count="8" type="cond" truecount="1" falsecount="0"/>
        <line num="27" count="8" type="stmt"/>
        <line num="28" count="8" type="stmt"/>
        <line num="29" count="8" type="stmt"/>
        <line num="30" count="43" type="stmt"/>
        <line num="32" count="43" type="cond" truecount="1" falsecount="0"/>
        <line num="33" count="26" type="cond" truecount="1" falsecount="0"/>
        <line num="34" count="26" type="stmt"/>
        <line num="35" count="26" type="stmt"/>
        <line num="36" count="26" type="stmt"/>
        <line num="37" count="26" type="stmt"/>
        <line num="39" count="43" type="cond" truecount="1" falsecount="0"/>
        <line num="40" count="7" type="stmt"/>
        <line num="41" count="7" type="cond" truecount="1" falsecount="0"/>
        <line num="42" count="2" type="stmt"/>
        <line num="43" count="2" type="stmt"/>
        <line num="44" count="2" type="cond" truecount="1" falsecount="0"/>
        <line num="45" count="5" type="stmt"/>
        <line num="46" count="5" type="stmt"/>
        <line num="47" count="5" type="stmt"/>
        <line num="48" count="5" type="stmt"/>
        <line num="49" count="5" type="cond" truecount="0" falsecount="1"/>
        <line num="51" count="0" type="stmt"/>
        <line num="52" count="0" type="stmt"/>
        <line num="53" count="7" type="stmt"/>
        <line num="54" count="7" type="stmt"/>
        <line num="55" count="7" type="stmt"/>
        <line num="56" count="7" type="stmt"/>
        <line num="57" count="7" type="stmt"/>
        <line num="58" count="7" type="stmt"/>
        <line num="60" count="43" type="cond" truecount="1" falsecount="0"/>
        <line num="61" count="1" type="stmt"/>
        <line num="62" count="1" type="stmt"/>
        <line num="63" count="1" type="stmt"/>
        <line num="64" count="1" type="stmt"/>
        <line num="66" count="43" type="stmt"/>
        <line num="67" count="43" type="stmt"/>
        <line num="68" count="43" type="stmt"/>
        <line num="71" count="43" type="stmt"/>
        <line num="72" count="43" type="stmt"/>
        <line num="73" count="43" type="stmt"/>
        <line num="77" count="43" type="stmt"/>
        <line num="78" count="43" type="stmt"/>
        <line num="79" count="43" type="stmt"/>
        <line num="80" count="43" type="stmt"/>
        <line num="81" count="43" type="stmt"/>
        <line num="82" count="43" type="stmt"/>
        <line num="83" count="43" type="stmt"/>
        <line num="86" count="43" type="stmt"/>
        <line num="87" count="43" type="stmt"/>
        <line num="88" count="43" type="stmt"/>
        <line num="89" count="43" type="stmt"/>
        <line num="90" count="43" type="stmt"/>
        <line num="91" count="43" type="stmt"/>
        <line num="92" count="43" type="stmt"/>
        <line num="93" count="43" type="stmt"/>
        <line num="97" count="43" type="stmt"/>
        <line num="98" count="43" type="stmt"/>
        <line num="99" count="43" type="stmt"/>
        <line num="100" count="43" type="stmt"/>
        <line num="101" count="43" type="stmt"/>
        <line num="104" count="43" type="stmt"/>
        <line num="105" count="43" type="stmt"/>
        <line num="106" count="43" type="stmt"/>
        <line num="107" count="43" type="stmt"/>
        <line num="108" count="43" type="stmt"/>
        <line num="109" count="43" type="stmt"/>
        <line num="110" count="43" type="stmt"/>
        <line num="111" count="43" type="stmt"/>
        <line num="115" count="43" type="stmt"/>
        <line num="116" count="43" type="stmt"/>
        <line num="117" count="43" type="stmt"/>
        <line num="118" count="43" type="stmt"/>
        <line num="119" count="43" type="stmt"/>
        <line num="122" count="43" type="stmt"/>
        <line num="123" count="43" type="stmt"/>
        <line num="124" count="43" type="stmt"/>
        <line num="125" count="43" type="stmt"/>
        <line num="126" count="43" type="stmt"/>
        <line num="127" count="43" type="stmt"/>
        <line num="128" count="43" type="stmt"/>
        <line num="129" count="43" type="stmt"/>
        <line num="130" count="43" type="stmt"/>
        <line num="134" count="43" type="stmt"/>
        <line num="135" count="43" type="stmt"/>
        <line num="136" count="43" type="stmt"/>
        <line num="137" count="43" type="stmt"/>
        <line num="138" count="43" type="stmt"/>
        <line num="141" count="43" type="stmt"/>
        <line num="142" count="43" type="stmt"/>
        <line num="143" count="43" type="stmt"/>
        <line num="144" count="43" type="stmt"/>
        <line num="145" count="43" type="stmt"/>
        <line num="146" count="43" type="stmt"/>
        <line num="147" count="43" type="stmt"/>
        <line num="148" count="43" type="stmt"/>
        <line num="152" count="43" type="stmt"/>
        <line num="153" count="43" type="stmt"/>
        <line num="154" count="43" type="stmt"/>
        <line num="155" count="43" type="stmt"/>
        <line num="156" count="43" type="stmt"/>
        <line num="159" count="43" type="stmt"/>
        <line num="160" count="43" type="stmt"/>
        <line num="161" count="43" type="stmt"/>
        <line num="162" count="43" type="stmt"/>
        <line num="163" count="43" type="stmt"/>
        <line num="164" count="43" type="stmt"/>
        <line num="165" count="43" type="stmt"/>
        <line num="166" count="43" type="stmt"/>
        <line num="167" count="43" type="stmt"/>
        <line num="171" count="43" type="stmt"/>
        <line num="172" count="43" type="stmt"/>
        <line num="173" count="43" type="cond" truecount="1" falsecount="0"/>
        <line num="174" count="43" type="stmt"/>
        <line num="176" count="43" type="cond" truecount="0" falsecount="1"/>
        <line num="177" count="0" type="stmt"/>
        <line num="179" count="0" type="cond" truecount="1" falsecount="0"/>
        <line num="182" count="43" type="stmt"/>
        <line num="183" count="43" type="stmt"/>
        <line num="189" count="43" type="stmt"/>
        <line num="191" count="1" type="stmt"/>
      </file>
    </package>
  </project>
</coverage>
