{"/home/bititude/avanthik/task tracker/postcss.config.cjs": {"path":"/home/bititude/avanthik/task tracker/postcss.config.cjs","all":true,"statementMap":{"0":{"start":{"line":1,"column":0},"end":{"line":1,"column":18}},"1":{"start":{"line":2,"column":0},"end":{"line":2,"column":12}},"2":{"start":{"line":3,"column":0},"end":{"line":3,"column":20}},"3":{"start":{"line":4,"column":0},"end":{"line":4,"column":21}},"4":{"start":{"line":5,"column":0},"end":{"line":5,"column":4}},"5":{"start":{"line":6,"column":0},"end":{"line":6,"column":2}}},"s":{"0":0,"1":0,"2":0,"3":0,"4":0,"5":0},"branchMap":{"0":{"type":"branch","line":1,"loc":{"start":{"line":1,"column":0},"end":{"line":6,"column":2}},"locations":[{"start":{"line":1,"column":0},"end":{"line":6,"column":2}}]}},"b":{"0":[0]},"fnMap":{"0":{"name":"(empty-report)","decl":{"start":{"line":1,"column":0},"end":{"line":6,"column":2}},"loc":{"start":{"line":1,"column":0},"end":{"line":6,"column":2}},"line":1}},"f":{"0":0}}
,"/home/bititude/avanthik/task tracker/tailwind.config.js": {"path":"/home/bititude/avanthik/task tracker/tailwind.config.js","all":true,"statementMap":{"0":{"start":{"line":1,"column":0},"end":{"line":1,"column":43}},"1":{"start":{"line":2,"column":0},"end":{"line":2,"column":18}},"2":{"start":{"line":3,"column":0},"end":{"line":3,"column":12}},"3":{"start":{"line":4,"column":0},"end":{"line":4,"column":19}},"4":{"start":{"line":5,"column":0},"end":{"line":5,"column":89}},"5":{"start":{"line":6,"column":0},"end":{"line":6,"column":4}},"6":{"start":{"line":7,"column":0},"end":{"line":7,"column":10}},"7":{"start":{"line":8,"column":0},"end":{"line":8,"column":15}},"8":{"start":{"line":9,"column":0},"end":{"line":9,"column":4}},"9":{"start":{"line":10,"column":0},"end":{"line":10,"column":14}},"10":{"start":{"line":11,"column":0},"end":{"line":11,"column":2}}},"s":{"0":0,"1":0,"2":0,"3":0,"4":0,"5":0,"6":0,"7":0,"8":0,"9":0,"10":0},"branchMap":{"0":{"type":"branch","line":1,"loc":{"start":{"line":1,"column":0},"end":{"line":11,"column":2}},"locations":[{"start":{"line":1,"column":0},"end":{"line":11,"column":2}}]}},"b":{"0":[0]},"fnMap":{"0":{"name":"(empty-report)","decl":{"start":{"line":1,"column":0},"end":{"line":11,"column":2}},"loc":{"start":{"line":1,"column":0},"end":{"line":11,"column":2}},"line":1}},"f":{"0":0}}
,"/home/bititude/avanthik/task tracker/src/App.tsx": {"path":"/home/bititude/avanthik/task tracker/src/App.tsx","all":true,"statementMap":{"0":{"start":{"line":1,"column":0},"end":{"line":1,"column":14}},"1":{"start":{"line":2,"column":0},"end":{"line":2,"column":41}},"2":{"start":{"line":3,"column":0},"end":{"line":3,"column":50}},"3":{"start":{"line":4,"column":0},"end":{"line":4,"column":0}},"4":{"start":{"line":5,"column":0},"end":{"line":5,"column":29}},"5":{"start":{"line":6,"column":0},"end":{"line":6,"column":44}},"6":{"start":{"line":7,"column":0},"end":{"line":7,"column":2}},"7":{"start":{"line":8,"column":0},"end":{"line":8,"column":0}},"8":{"start":{"line":9,"column":0},"end":{"line":9,"column":19}}},"s":{"0":0,"1":0,"2":0,"3":0,"4":0,"5":0,"6":0,"7":0,"8":0},"branchMap":{"0":{"type":"branch","line":1,"loc":{"start":{"line":1,"column":0},"end":{"line":9,"column":19}},"locations":[{"start":{"line":1,"column":0},"end":{"line":9,"column":19}}]}},"b":{"0":[0]},"fnMap":{"0":{"name":"(empty-report)","decl":{"start":{"line":1,"column":0},"end":{"line":9,"column":19}},"loc":{"start":{"line":1,"column":0},"end":{"line":9,"column":19}},"line":1}},"f":{"0":0}}
,"/home/bititude/avanthik/task tracker/src/main.tsx": {"path":"/home/bititude/avanthik/task tracker/src/main.tsx","all":true,"statementMap":{"0":{"start":{"line":1,"column":0},"end":{"line":1,"column":35}},"1":{"start":{"line":2,"column":0},"end":{"line":2,"column":46}},"2":{"start":{"line":3,"column":0},"end":{"line":3,"column":21}},"3":{"start":{"line":4,"column":0},"end":{"line":4,"column":28}},"4":{"start":{"line":5,"column":0},"end":{"line":5,"column":2}},"5":{"start":{"line":6,"column":0},"end":{"line":6,"column":52}},"6":{"start":{"line":7,"column":0},"end":{"line":7,"column":14}},"7":{"start":{"line":8,"column":0},"end":{"line":8,"column":13}},"8":{"start":{"line":9,"column":0},"end":{"line":9,"column":15}},"9":{"start":{"line":10,"column":0},"end":{"line":10,"column":2}}},"s":{"0":0,"1":0,"2":0,"3":0,"4":0,"5":0,"6":0,"7":0,"8":0,"9":0},"branchMap":{"0":{"type":"branch","line":1,"loc":{"start":{"line":1,"column":0},"end":{"line":10,"column":2}},"locations":[{"start":{"line":1,"column":0},"end":{"line":10,"column":2}}]}},"b":{"0":[0]},"fnMap":{"0":{"name":"(empty-report)","decl":{"start":{"line":1,"column":0},"end":{"line":10,"column":2}},"loc":{"start":{"line":1,"column":0},"end":{"line":10,"column":2}},"line":1}},"f":{"0":0}}
,"/home/bititude/avanthik/task tracker/src/typesAndInterfaces.ts": {"path":"/home/bititude/avanthik/task tracker/src/typesAndInterfaces.ts","all":true,"statementMap":{"0":{"start":{"line":1,"column":0},"end":{"line":1,"column":47}},"1":{"start":{"line":2,"column":0},"end":{"line":2,"column":0}},"2":{"start":{"line":3,"column":0},"end":{"line":3,"column":36}},"3":{"start":{"line":4,"column":0},"end":{"line":4,"column":28}},"4":{"start":{"line":5,"column":0},"end":{"line":5,"column":1}},"5":{"start":{"line":6,"column":0},"end":{"line":6,"column":0}},"6":{"start":{"line":7,"column":0},"end":{"line":7,"column":39}},"7":{"start":{"line":8,"column":0},"end":{"line":8,"column":16}},"8":{"start":{"line":9,"column":0},"end":{"line":9,"column":1}},"9":{"start":{"line":10,"column":0},"end":{"line":10,"column":0}},"10":{"start":{"line":11,"column":0},"end":{"line":11,"column":21}},"11":{"start":{"line":12,"column":0},"end":{"line":12,"column":13}},"12":{"start":{"line":13,"column":0},"end":{"line":13,"column":17}},"13":{"start":{"line":14,"column":0},"end":{"line":14,"column":15}},"14":{"start":{"line":15,"column":0},"end":{"line":15,"column":22}},"15":{"start":{"line":16,"column":0},"end":{"line":16,"column":15}},"16":{"start":{"line":17,"column":0},"end":{"line":17,"column":17}},"17":{"start":{"line":18,"column":0},"end":{"line":18,"column":2}},"18":{"start":{"line":19,"column":0},"end":{"line":19,"column":0}},"19":{"start":{"line":20,"column":0},"end":{"line":20,"column":29}},"20":{"start":{"line":21,"column":0},"end":{"line":21,"column":16}},"21":{"start":{"line":22,"column":0},"end":{"line":22,"column":19}},"22":{"start":{"line":23,"column":0},"end":{"line":23,"column":1}},"23":{"start":{"line":24,"column":0},"end":{"line":24,"column":0}},"24":{"start":{"line":25,"column":0},"end":{"line":25,"column":29}},"25":{"start":{"line":26,"column":0},"end":{"line":26,"column":17}},"26":{"start":{"line":27,"column":0},"end":{"line":27,"column":19}},"27":{"start":{"line":28,"column":0},"end":{"line":28,"column":16}},"28":{"start":{"line":29,"column":0},"end":{"line":29,"column":16}},"29":{"start":{"line":30,"column":0},"end":{"line":30,"column":22}},"30":{"start":{"line":31,"column":0},"end":{"line":31,"column":19}},"31":{"start":{"line":32,"column":0},"end":{"line":32,"column":1}}},"s":{"0":0,"1":0,"2":0,"3":0,"4":0,"5":0,"6":0,"7":0,"8":0,"9":0,"10":0,"11":0,"12":0,"13":0,"14":0,"15":0,"16":0,"17":0,"18":0,"19":0,"20":0,"21":0,"22":0,"23":0,"24":0,"25":0,"26":0,"27":0,"28":0,"29":0,"30":0,"31":0},"branchMap":{"0":{"type":"branch","line":1,"loc":{"start":{"line":1,"column":0},"end":{"line":32,"column":1}},"locations":[{"start":{"line":1,"column":0},"end":{"line":32,"column":1}}]}},"b":{"0":[0]},"fnMap":{"0":{"name":"(empty-report)","decl":{"start":{"line":1,"column":0},"end":{"line":32,"column":1}},"loc":{"start":{"line":1,"column":0},"end":{"line":32,"column":1}},"line":1}},"f":{"0":0}}
,"/home/bititude/avanthik/task tracker/src/utils.ts": {"path":"/home/bititude/avanthik/task tracker/src/utils.ts","all":false,"statementMap":{"2":{"start":{"line":3,"column":0},"end":{"line":3,"column":35}},"3":{"start":{"line":4,"column":0},"end":{"line":4,"column":11}},"4":{"start":{"line":5,"column":0},"end":{"line":5,"column":8}},"5":{"start":{"line":6,"column":0},"end":{"line":6,"column":11}},"6":{"start":{"line":7,"column":0},"end":{"line":7,"column":8}},"7":{"start":{"line":8,"column":0},"end":{"line":8,"column":19}},"8":{"start":{"line":9,"column":0},"end":{"line":9,"column":20}},"10":{"start":{"line":11,"column":0},"end":{"line":11,"column":54}},"11":{"start":{"line":12,"column":0},"end":{"line":12,"column":31}},"12":{"start":{"line":13,"column":0},"end":{"line":13,"column":64}},"14":{"start":{"line":15,"column":0},"end":{"line":15,"column":48}},"15":{"start":{"line":16,"column":0},"end":{"line":16,"column":77}},"17":{"start":{"line":18,"column":0},"end":{"line":18,"column":15}},"18":{"start":{"line":19,"column":0},"end":{"line":19,"column":45}},"19":{"start":{"line":20,"column":0},"end":{"line":20,"column":36}},"20":{"start":{"line":21,"column":0},"end":{"line":21,"column":58}},"21":{"start":{"line":22,"column":0},"end":{"line":22,"column":33}},"22":{"start":{"line":23,"column":0},"end":{"line":23,"column":65}},"23":{"start":{"line":24,"column":0},"end":{"line":24,"column":3}},"25":{"start":{"line":26,"column":0},"end":{"line":26,"column":54}},"26":{"start":{"line":27,"column":0},"end":{"line":27,"column":31}},"27":{"start":{"line":28,"column":0},"end":{"line":28,"column":64}},"28":{"start":{"line":29,"column":0},"end":{"line":29,"column":16}},"29":{"start":{"line":30,"column":0},"end":{"line":30,"column":2}},"31":{"start":{"line":32,"column":0},"end":{"line":32,"column":37}},"32":{"start":{"line":33,"column":0},"end":{"line":33,"column":25}},"33":{"start":{"line":34,"column":0},"end":{"line":34,"column":45}},"34":{"start":{"line":35,"column":0},"end":{"line":35,"column":10}},"36":{"start":{"line":37,"column":0},"end":{"line":37,"column":52}},"37":{"start":{"line":38,"column":0},"end":{"line":38,"column":79}},"38":{"start":{"line":39,"column":0},"end":{"line":39,"column":53}},"39":{"start":{"line":40,"column":0},"end":{"line":40,"column":18}},"40":{"start":{"line":41,"column":0},"end":{"line":41,"column":75}},"41":{"start":{"line":42,"column":0},"end":{"line":42,"column":12}},"43":{"start":{"line":44,"column":0},"end":{"line":44,"column":62}},"44":{"start":{"line":45,"column":0},"end":{"line":45,"column":25}},"45":{"start":{"line":46,"column":0},"end":{"line":46,"column":2}}},"s":{"2":1,"3":5,"4":5,"5":5,"6":5,"7":5,"8":5,"10":5,"11":3,"12":3,"14":5,"15":2,"17":5,"18":4,"19":5,"20":0,"21":1,"22":0,"23":0,"25":5,"26":0,"27":0,"28":5,"29":5,"31":1,"32":4,"33":4,"34":4,"36":4,"37":4,"38":4,"39":12,"40":4,"41":8,"43":4,"44":4,"45":4},"branchMap":{"0":{"type":"branch","line":3,"loc":{"start":{"line":3,"column":33},"end":{"line":30,"column":2}},"locations":[{"start":{"line":3,"column":33},"end":{"line":30,"column":2}}]},"1":{"type":"branch","line":11,"loc":{"start":{"line":11,"column":17},"end":{"line":11,"column":54}},"locations":[{"start":{"line":11,"column":17},"end":{"line":11,"column":54}}]},"2":{"type":"branch","line":11,"loc":{"start":{"line":11,"column":29},"end":{"line":13,"column":64}},"locations":[{"start":{"line":11,"column":29},"end":{"line":13,"column":64}}]},"3":{"type":"branch","line":13,"loc":{"start":{"line":13,"column":4},"end":{"line":13,"column":64}},"locations":[{"start":{"line":13,"column":4},"end":{"line":13,"column":64}}]},"4":{"type":"branch","line":15,"loc":{"start":{"line":15,"column":14},"end":{"line":15,"column":48}},"locations":[{"start":{"line":15,"column":14},"end":{"line":15,"column":48}}]},"5":{"type":"branch","line":15,"loc":{"start":{"line":15,"column":26},"end":{"line":16,"column":77}},"locations":[{"start":{"line":15,"column":26},"end":{"line":16,"column":77}}]},"6":{"type":"branch","line":16,"loc":{"start":{"line":16,"column":40},"end":{"line":16,"column":77}},"locations":[{"start":{"line":16,"column":40},"end":{"line":16,"column":77}}]},"7":{"type":"branch","line":18,"loc":{"start":{"line":18,"column":14},"end":{"line":20,"column":9}},"locations":[{"start":{"line":18,"column":14},"end":{"line":20,"column":9}}]},"8":{"type":"branch","line":20,"loc":{"start":{"line":20,"column":2},"end":{"line":24,"column":3}},"locations":[{"start":{"line":20,"column":2},"end":{"line":24,"column":3}}]},"9":{"type":"branch","line":20,"loc":{"start":{"line":20,"column":35},"end":{"line":22,"column":9}},"locations":[{"start":{"line":20,"column":35},"end":{"line":22,"column":9}}]},"10":{"type":"branch","line":22,"loc":{"start":{"line":22,"column":32},"end":{"line":24,"column":3}},"locations":[{"start":{"line":22,"column":32},"end":{"line":24,"column":3}}]},"11":{"type":"branch","line":26,"loc":{"start":{"line":26,"column":29},"end":{"line":28,"column":64}},"locations":[{"start":{"line":26,"column":29},"end":{"line":28,"column":64}}]},"12":{"type":"branch","line":32,"loc":{"start":{"line":32,"column":36},"end":{"line":46,"column":2}},"locations":[{"start":{"line":32,"column":36},"end":{"line":46,"column":2}}]},"13":{"type":"branch","line":38,"loc":{"start":{"line":38,"column":61},"end":{"line":38,"column":78}},"locations":[{"start":{"line":38,"column":61},"end":{"line":38,"column":78}}]},"14":{"type":"branch","line":39,"loc":{"start":{"line":39,"column":44},"end":{"line":42,"column":12}},"locations":[{"start":{"line":39,"column":44},"end":{"line":42,"column":12}}]},"15":{"type":"branch","line":40,"loc":{"start":{"line":40,"column":16},"end":{"line":41,"column":75}},"locations":[{"start":{"line":40,"column":16},"end":{"line":41,"column":75}}]},"16":{"type":"branch","line":41,"loc":{"start":{"line":41,"column":47},"end":{"line":41,"column":64}},"locations":[{"start":{"line":41,"column":47},"end":{"line":41,"column":64}}]},"17":{"type":"branch","line":41,"loc":{"start":{"line":41,"column":50},"end":{"line":41,"column":74}},"locations":[{"start":{"line":41,"column":50},"end":{"line":41,"column":74}}]},"18":{"type":"branch","line":41,"loc":{"start":{"line":41,"column":74},"end":{"line":42,"column":12}},"locations":[{"start":{"line":41,"column":74},"end":{"line":42,"column":12}}]}},"b":{"0":[5],"1":[2],"2":[3],"3":[0],"4":[3],"5":[2],"6":[0],"7":[4],"8":[1],"9":[0],"10":[0],"11":[0],"12":[4],"13":[0],"14":[12],"15":[4],"16":[2],"17":[2],"18":[8]},"fnMap":{"0":{"name":"validateUserInput","decl":{"start":{"line":3,"column":33},"end":{"line":30,"column":2}},"loc":{"start":{"line":3,"column":33},"end":{"line":30,"column":2}},"line":3},"1":{"name":"handleCheckboxChange","decl":{"start":{"line":32,"column":36},"end":{"line":46,"column":2}},"loc":{"start":{"line":32,"column":36},"end":{"line":46,"column":2}},"line":32}},"f":{"0":5,"1":4}}
,"/home/bititude/avanthik/task tracker/src/components/AuthenticatedREdirect.tsx": {"path":"/home/bititude/avanthik/task tracker/src/components/AuthenticatedREdirect.tsx","all":true,"statementMap":{"0":{"start":{"line":1,"column":0},"end":{"line":1,"column":47}},"1":{"start":{"line":2,"column":0},"end":{"line":2,"column":34}},"2":{"start":{"line":3,"column":0},"end":{"line":3,"column":0}},"3":{"start":{"line":4,"column":0},"end":{"line":4,"column":51}},"4":{"start":{"line":5,"column":0},"end":{"line":5,"column":33}},"5":{"start":{"line":6,"column":0},"end":{"line":6,"column":0}},"6":{"start":{"line":7,"column":0},"end":{"line":7,"column":61}},"7":{"start":{"line":8,"column":0},"end":{"line":8,"column":19}},"8":{"start":{"line":9,"column":0},"end":{"line":9,"column":26}},"9":{"start":{"line":10,"column":0},"end":{"line":10,"column":24}},"10":{"start":{"line":11,"column":0},"end":{"line":11,"column":5}},"11":{"start":{"line":12,"column":0},"end":{"line":12,"column":34}},"12":{"start":{"line":13,"column":0},"end":{"line":13,"column":0}},"13":{"start":{"line":14,"column":0},"end":{"line":14,"column":44}},"14":{"start":{"line":15,"column":0},"end":{"line":15,"column":2}},"15":{"start":{"line":16,"column":0},"end":{"line":16,"column":0}},"16":{"start":{"line":17,"column":0},"end":{"line":17,"column":39}}},"s":{"0":0,"1":0,"2":0,"3":0,"4":0,"5":0,"6":0,"7":0,"8":0,"9":0,"10":0,"11":0,"12":0,"13":0,"14":0,"15":0,"16":0},"branchMap":{"0":{"type":"branch","line":1,"loc":{"start":{"line":1,"column":0},"end":{"line":17,"column":39}},"locations":[{"start":{"line":1,"column":0},"end":{"line":17,"column":39}}]}},"b":{"0":[0]},"fnMap":{"0":{"name":"(empty-report)","decl":{"start":{"line":1,"column":0},"end":{"line":17,"column":39}},"loc":{"start":{"line":1,"column":0},"end":{"line":17,"column":39}},"line":1}},"f":{"0":0}}
,"/home/bititude/avanthik/task tracker/src/components/Error.tsx": {"path":"/home/bititude/avanthik/task tracker/src/components/Error.tsx","all":false,"statementMap":{"0":{"start":{"line":1,"column":0},"end":{"line":1,"column":26}},"3":{"start":{"line":4,"column":0},"end":{"line":4,"column":56}},"4":{"start":{"line":5,"column":0},"end":{"line":5,"column":10}},"5":{"start":{"line":6,"column":0},"end":{"line":6,"column":9}},"6":{"start":{"line":7,"column":0},"end":{"line":7,"column":54}},"9":{"start":{"line":10,"column":0},"end":{"line":10,"column":2}},"11":{"start":{"line":12,"column":0},"end":{"line":12,"column":21}}},"s":{"0":1,"3":1,"4":17,"5":17,"6":17,"9":17,"11":1},"branchMap":{"0":{"type":"branch","line":4,"loc":{"start":{"line":4,"column":38},"end":{"line":10,"column":2}},"locations":[{"start":{"line":4,"column":38},"end":{"line":10,"column":2}}]}},"b":{"0":[17]},"fnMap":{"0":{"name":"Error","decl":{"start":{"line":4,"column":38},"end":{"line":10,"column":2}},"loc":{"start":{"line":4,"column":38},"end":{"line":10,"column":2}},"line":4}},"f":{"0":17}}
,"/home/bititude/avanthik/task tracker/src/components/Fallback.tsx": {"path":"/home/bititude/avanthik/task tracker/src/components/Fallback.tsx","all":false,"statementMap":{"0":{"start":{"line":1,"column":0},"end":{"line":1,"column":26}},"2":{"start":{"line":3,"column":0},"end":{"line":3,"column":34}},"3":{"start":{"line":4,"column":0},"end":{"line":4,"column":10}},"4":{"start":{"line":5,"column":0},"end":{"line":5,"column":100}},"5":{"start":{"line":6,"column":0},"end":{"line":6,"column":78}},"6":{"start":{"line":7,"column":0},"end":{"line":7,"column":48}},"9":{"start":{"line":10,"column":0},"end":{"line":10,"column":8}},"10":{"start":{"line":11,"column":0},"end":{"line":11,"column":16}},"11":{"start":{"line":12,"column":0},"end":{"line":12,"column":119}},"12":{"start":{"line":13,"column":0},"end":{"line":13,"column":7}},"17":{"start":{"line":18,"column":0},"end":{"line":18,"column":2}},"19":{"start":{"line":20,"column":0},"end":{"line":20,"column":24}}},"s":{"0":1,"2":1,"3":3,"4":3,"5":3,"6":3,"9":3,"10":3,"11":3,"12":3,"17":3,"19":1},"branchMap":{"0":{"type":"branch","line":3,"loc":{"start":{"line":3,"column":27},"end":{"line":18,"column":2}},"locations":[{"start":{"line":3,"column":27},"end":{"line":18,"column":2}}]}},"b":{"0":[3]},"fnMap":{"0":{"name":"Fallback","decl":{"start":{"line":3,"column":27},"end":{"line":18,"column":2}},"loc":{"start":{"line":3,"column":27},"end":{"line":18,"column":2}},"line":3}},"f":{"0":3}}
,"/home/bititude/avanthik/task tracker/src/components/Navigation.tsx": {"path":"/home/bititude/avanthik/task tracker/src/components/Navigation.tsx","all":false,"statementMap":{"0":{"start":{"line":1,"column":0},"end":{"line":1,"column":56}},"2":{"start":{"line":3,"column":0},"end":{"line":3,"column":36}},"3":{"start":{"line":4,"column":0},"end":{"line":4,"column":33}},"5":{"start":{"line":6,"column":0},"end":{"line":6,"column":30}},"6":{"start":{"line":7,"column":0},"end":{"line":7,"column":34}},"7":{"start":{"line":8,"column":0},"end":{"line":8,"column":42}},"8":{"start":{"line":9,"column":0},"end":{"line":9,"column":24}},"9":{"start":{"line":10,"column":0},"end":{"line":10,"column":4}},"11":{"start":{"line":12,"column":0},"end":{"line":12,"column":10}},"12":{"start":{"line":13,"column":0},"end":{"line":13,"column":93}},"13":{"start":{"line":14,"column":0},"end":{"line":14,"column":38}},"14":{"start":{"line":15,"column":0},"end":{"line":15,"column":133}},"15":{"start":{"line":16,"column":0},"end":{"line":16,"column":18}},"16":{"start":{"line":17,"column":0},"end":{"line":17,"column":17}},"17":{"start":{"line":18,"column":0},"end":{"line":18,"column":40}},"18":{"start":{"line":19,"column":0},"end":{"line":19,"column":22}},"19":{"start":{"line":20,"column":0},"end":{"line":20,"column":64}},"20":{"start":{"line":21,"column":0},"end":{"line":21,"column":106}},"22":{"start":{"line":23,"column":0},"end":{"line":23,"column":15}},"23":{"start":{"line":24,"column":0},"end":{"line":24,"column":11}},"28":{"start":{"line":29,"column":0},"end":{"line":29,"column":133}},"29":{"start":{"line":30,"column":0},"end":{"line":30,"column":18}},"30":{"start":{"line":31,"column":0},"end":{"line":31,"column":24}},"31":{"start":{"line":32,"column":0},"end":{"line":32,"column":40}},"32":{"start":{"line":33,"column":0},"end":{"line":33,"column":22}},"33":{"start":{"line":34,"column":0},"end":{"line":34,"column":64}},"34":{"start":{"line":35,"column":0},"end":{"line":35,"column":106}},"36":{"start":{"line":37,"column":0},"end":{"line":37,"column":11}},"41":{"start":{"line":42,"column":0},"end":{"line":42,"column":133}},"42":{"start":{"line":43,"column":0},"end":{"line":43,"column":18}},"43":{"start":{"line":44,"column":0},"end":{"line":44,"column":26}},"44":{"start":{"line":45,"column":0},"end":{"line":45,"column":40}},"45":{"start":{"line":46,"column":0},"end":{"line":46,"column":22}},"46":{"start":{"line":47,"column":0},"end":{"line":47,"column":64}},"47":{"start":{"line":48,"column":0},"end":{"line":48,"column":106}},"49":{"start":{"line":50,"column":0},"end":{"line":50,"column":11}},"54":{"start":{"line":55,"column":0},"end":{"line":55,"column":133}},"55":{"start":{"line":56,"column":0},"end":{"line":56,"column":18}},"56":{"start":{"line":57,"column":0},"end":{"line":57,"column":24}},"57":{"start":{"line":58,"column":0},"end":{"line":58,"column":40}},"58":{"start":{"line":59,"column":0},"end":{"line":59,"column":22}},"59":{"start":{"line":60,"column":0},"end":{"line":60,"column":64}},"60":{"start":{"line":61,"column":0},"end":{"line":61,"column":106}},"62":{"start":{"line":63,"column":0},"end":{"line":63,"column":11}},"68":{"start":{"line":69,"column":0},"end":{"line":69,"column":31}},"69":{"start":{"line":70,"column":0},"end":{"line":70,"column":15}},"70":{"start":{"line":71,"column":0},"end":{"line":71,"column":168}},"71":{"start":{"line":72,"column":0},"end":{"line":72,"column":32}},"72":{"start":{"line":73,"column":0},"end":{"line":73,"column":9}},"78":{"start":{"line":79,"column":0},"end":{"line":79,"column":2}},"80":{"start":{"line":81,"column":0},"end":{"line":81,"column":26}}},"s":{"0":1,"2":1,"3":5,"5":5,"6":0,"7":0,"8":0,"9":0,"11":5,"12":5,"13":5,"14":5,"15":5,"16":5,"17":5,"18":5,"19":5,"20":0,"22":5,"23":5,"28":5,"29":5,"30":5,"31":5,"32":5,"33":0,"34":5,"36":5,"41":5,"42":5,"43":5,"44":5,"45":5,"46":0,"47":5,"49":5,"54":5,"55":5,"56":5,"57":5,"58":5,"59":0,"60":5,"62":5,"68":5,"69":5,"70":5,"71":5,"72":5,"78":5,"80":1},"branchMap":{"0":{"type":"branch","line":3,"loc":{"start":{"line":3,"column":29},"end":{"line":79,"column":2}},"locations":[{"start":{"line":3,"column":29},"end":{"line":79,"column":2}}]},"1":{"type":"branch","line":18,"loc":{"start":{"line":18,"column":23},"end":{"line":21,"column":106}},"locations":[{"start":{"line":18,"column":23},"end":{"line":21,"column":106}}]},"2":{"type":"branch","line":20,"loc":{"start":{"line":20,"column":18},"end":{"line":21,"column":106}},"locations":[{"start":{"line":20,"column":18},"end":{"line":21,"column":106}}]},"3":{"type":"branch","line":32,"loc":{"start":{"line":32,"column":23},"end":{"line":35,"column":106}},"locations":[{"start":{"line":32,"column":23},"end":{"line":35,"column":106}}]},"4":{"type":"branch","line":33,"loc":{"start":{"line":33,"column":14},"end":{"line":34,"column":64}},"locations":[{"start":{"line":33,"column":14},"end":{"line":34,"column":64}}]},"5":{"type":"branch","line":45,"loc":{"start":{"line":45,"column":23},"end":{"line":48,"column":106}},"locations":[{"start":{"line":45,"column":23},"end":{"line":48,"column":106}}]},"6":{"type":"branch","line":46,"loc":{"start":{"line":46,"column":14},"end":{"line":47,"column":64}},"locations":[{"start":{"line":46,"column":14},"end":{"line":47,"column":64}}]},"7":{"type":"branch","line":58,"loc":{"start":{"line":58,"column":23},"end":{"line":61,"column":106}},"locations":[{"start":{"line":58,"column":23},"end":{"line":61,"column":106}}]},"8":{"type":"branch","line":59,"loc":{"start":{"line":59,"column":14},"end":{"line":60,"column":64}},"locations":[{"start":{"line":59,"column":14},"end":{"line":60,"column":64}}]}},"b":{"0":[5],"1":[5],"2":[0],"3":[5],"4":[0],"5":[5],"6":[0],"7":[5],"8":[0]},"fnMap":{"0":{"name":"Navigation","decl":{"start":{"line":3,"column":29},"end":{"line":79,"column":2}},"loc":{"start":{"line":3,"column":29},"end":{"line":79,"column":2}},"line":3},"1":{"name":"handleLogout","decl":{"start":{"line":6,"column":23},"end":{"line":10,"column":4}},"loc":{"start":{"line":6,"column":23},"end":{"line":10,"column":4}},"line":6},"2":{"name":"className","decl":{"start":{"line":18,"column":23},"end":{"line":21,"column":106}},"loc":{"start":{"line":18,"column":23},"end":{"line":21,"column":106}},"line":18},"3":{"name":"className","decl":{"start":{"line":32,"column":23},"end":{"line":35,"column":106}},"loc":{"start":{"line":32,"column":23},"end":{"line":35,"column":106}},"line":32},"4":{"name":"className","decl":{"start":{"line":45,"column":23},"end":{"line":48,"column":106}},"loc":{"start":{"line":45,"column":23},"end":{"line":48,"column":106}},"line":45},"5":{"name":"className","decl":{"start":{"line":58,"column":23},"end":{"line":61,"column":106}},"loc":{"start":{"line":58,"column":23},"end":{"line":61,"column":106}},"line":58}},"f":{"0":5,"1":0,"2":5,"3":5,"4":5,"5":5}}
,"/home/bititude/avanthik/task tracker/src/components/ProtectRoute.tsx": {"path":"/home/bititude/avanthik/task tracker/src/components/ProtectRoute.tsx","all":false,"statementMap":{"0":{"start":{"line":1,"column":0},"end":{"line":1,"column":41}},"4":{"start":{"line":5,"column":0},"end":{"line":5,"column":76}},"5":{"start":{"line":6,"column":0},"end":{"line":6,"column":33}},"6":{"start":{"line":7,"column":0},"end":{"line":7,"column":56}},"8":{"start":{"line":9,"column":0},"end":{"line":9,"column":19}},"9":{"start":{"line":10,"column":0},"end":{"line":10,"column":22}},"10":{"start":{"line":11,"column":0},"end":{"line":11,"column":45}},"11":{"start":{"line":12,"column":0},"end":{"line":12,"column":5}},"12":{"start":{"line":13,"column":0},"end":{"line":13,"column":29}},"14":{"start":{"line":15,"column":0},"end":{"line":15,"column":20}},"15":{"start":{"line":16,"column":0},"end":{"line":16,"column":33}},"16":{"start":{"line":17,"column":0},"end":{"line":17,"column":3}},"18":{"start":{"line":19,"column":0},"end":{"line":19,"column":25}},"19":{"start":{"line":20,"column":0},"end":{"line":20,"column":2}}},"s":{"0":1,"4":1,"5":4,"6":4,"8":4,"9":3,"10":2,"11":2,"12":4,"14":4,"15":3,"16":3,"18":1,"19":1},"branchMap":{"0":{"type":"branch","line":5,"loc":{"start":{"line":5,"column":57},"end":{"line":20,"column":2}},"locations":[{"start":{"line":5,"column":57},"end":{"line":20,"column":2}}]},"1":{"type":"branch","line":15,"loc":{"start":{"line":15,"column":19},"end":{"line":17,"column":3}},"locations":[{"start":{"line":15,"column":19},"end":{"line":17,"column":3}}]},"2":{"type":"branch","line":17,"loc":{"start":{"line":17,"column":2},"end":{"line":20,"column":2}},"locations":[{"start":{"line":17,"column":2},"end":{"line":20,"column":2}}]},"3":{"type":"branch","line":9,"loc":{"start":{"line":9,"column":12},"end":{"line":13,"column":5}},"locations":[{"start":{"line":9,"column":12},"end":{"line":13,"column":5}}]},"4":{"type":"branch","line":10,"loc":{"start":{"line":10,"column":21},"end":{"line":12,"column":5}},"locations":[{"start":{"line":10,"column":21},"end":{"line":12,"column":5}}]}},"b":{"0":[4],"1":[3],"2":[1],"3":[3],"4":[2]},"fnMap":{"0":{"name":"ProtectRoute","decl":{"start":{"line":5,"column":57},"end":{"line":20,"column":2}},"loc":{"start":{"line":5,"column":57},"end":{"line":20,"column":2}},"line":5}},"f":{"0":4}}
,"/home/bititude/avanthik/task tracker/src/components/Root.tsx": {"path":"/home/bititude/avanthik/task tracker/src/components/Root.tsx","all":true,"statementMap":{"0":{"start":{"line":1,"column":0},"end":{"line":1,"column":42}},"1":{"start":{"line":2,"column":0},"end":{"line":2,"column":38}},"2":{"start":{"line":3,"column":0},"end":{"line":3,"column":0}},"3":{"start":{"line":4,"column":0},"end":{"line":4,"column":30}},"4":{"start":{"line":5,"column":0},"end":{"line":5,"column":10}},"5":{"start":{"line":6,"column":0},"end":{"line":6,"column":6}},"6":{"start":{"line":7,"column":0},"end":{"line":7,"column":20}},"7":{"start":{"line":8,"column":0},"end":{"line":8,"column":16}},"8":{"start":{"line":9,"column":0},"end":{"line":9,"column":7}},"9":{"start":{"line":10,"column":0},"end":{"line":10,"column":4}},"10":{"start":{"line":11,"column":0},"end":{"line":11,"column":2}},"11":{"start":{"line":12,"column":0},"end":{"line":12,"column":0}},"12":{"start":{"line":13,"column":0},"end":{"line":13,"column":20}}},"s":{"0":0,"1":0,"2":0,"3":0,"4":0,"5":0,"6":0,"7":0,"8":0,"9":0,"10":0,"11":0,"12":0},"branchMap":{"0":{"type":"branch","line":1,"loc":{"start":{"line":1,"column":0},"end":{"line":13,"column":20}},"locations":[{"start":{"line":1,"column":0},"end":{"line":13,"column":20}}]}},"b":{"0":[0]},"fnMap":{"0":{"name":"(empty-report)","decl":{"start":{"line":1,"column":0},"end":{"line":13,"column":20}},"loc":{"start":{"line":1,"column":0},"end":{"line":13,"column":20}},"line":1}},"f":{"0":0}}
,"/home/bititude/avanthik/task tracker/src/hooks/useTimeInterval.tsx": {"path":"/home/bititude/avanthik/task tracker/src/hooks/useTimeInterval.tsx","all":false,"statementMap":{"0":{"start":{"line":1,"column":0},"end":{"line":1,"column":44}},"4":{"start":{"line":5,"column":0},"end":{"line":5,"column":68}},"5":{"start":{"line":6,"column":0},"end":{"line":6,"column":35}},"6":{"start":{"line":7,"column":0},"end":{"line":7,"column":55}},"7":{"start":{"line":8,"column":0},"end":{"line":8,"column":43}},"9":{"start":{"line":10,"column":0},"end":{"line":10,"column":19}},"10":{"start":{"line":11,"column":0},"end":{"line":11,"column":19}},"11":{"start":{"line":12,"column":0},"end":{"line":12,"column":13}},"13":{"start":{"line":14,"column":0},"end":{"line":14,"column":19}},"14":{"start":{"line":15,"column":0},"end":{"line":15,"column":40}},"15":{"start":{"line":16,"column":0},"end":{"line":16,"column":30}},"16":{"start":{"line":17,"column":0},"end":{"line":17,"column":13}},"17":{"start":{"line":18,"column":0},"end":{"line":18,"column":41}},"18":{"start":{"line":19,"column":0},"end":{"line":19,"column":9}},"20":{"start":{"line":21,"column":0},"end":{"line":21,"column":19}},"21":{"start":{"line":22,"column":0},"end":{"line":22,"column":54}},"22":{"start":{"line":23,"column":0},"end":{"line":23,"column":22}},"23":{"start":{"line":24,"column":0},"end":{"line":24,"column":53}},"24":{"start":{"line":25,"column":0},"end":{"line":25,"column":46}},"25":{"start":{"line":26,"column":0},"end":{"line":26,"column":67}},"26":{"start":{"line":27,"column":0},"end":{"line":27,"column":42}},"27":{"start":{"line":28,"column":0},"end":{"line":28,"column":16}},"29":{"start":{"line":30,"column":0},"end":{"line":30,"column":67}},"30":{"start":{"line":31,"column":0},"end":{"line":31,"column":68}},"31":{"start":{"line":32,"column":0},"end":{"line":32,"column":31}},"32":{"start":{"line":33,"column":0},"end":{"line":33,"column":7}},"33":{"start":{"line":34,"column":0},"end":{"line":34,"column":5}},"34":{"start":{"line":35,"column":0},"end":{"line":35,"column":17}},"36":{"start":{"line":37,"column":0},"end":{"line":37,"column":19}},"37":{"start":{"line":38,"column":0},"end":{"line":38,"column":2}}},"s":{"0":1,"4":1,"5":61,"6":61,"7":61,"9":61,"10":35,"11":61,"13":61,"14":22,"15":0,"16":22,"17":22,"18":61,"20":61,"21":22,"22":22,"23":12,"24":12,"25":26,"26":5,"27":21,"29":12,"30":3,"31":3,"32":3,"33":12,"34":61,"36":61,"37":61},"branchMap":{"0":{"type":"branch","line":5,"loc":{"start":{"line":5,"column":31},"end":{"line":38,"column":2}},"locations":[{"start":{"line":5,"column":31},"end":{"line":38,"column":2}}]},"1":{"type":"branch","line":10,"loc":{"start":{"line":10,"column":12},"end":{"line":12,"column":5}},"locations":[{"start":{"line":10,"column":12},"end":{"line":12,"column":5}}]},"2":{"type":"branch","line":14,"loc":{"start":{"line":14,"column":12},"end":{"line":19,"column":5}},"locations":[{"start":{"line":14,"column":12},"end":{"line":19,"column":5}}]},"3":{"type":"branch","line":18,"loc":{"start":{"line":18,"column":11},"end":{"line":18,"column":41}},"locations":[{"start":{"line":18,"column":11},"end":{"line":18,"column":41}}]},"4":{"type":"branch","line":21,"loc":{"start":{"line":21,"column":12},"end":{"line":35,"column":5}},"locations":[{"start":{"line":21,"column":12},"end":{"line":35,"column":5}}]},"5":{"type":"branch","line":23,"loc":{"start":{"line":23,"column":21},"end":{"line":34,"column":5}},"locations":[{"start":{"line":23,"column":21},"end":{"line":34,"column":5}}]},"6":{"type":"branch","line":30,"loc":{"start":{"line":30,"column":66},"end":{"line":33,"column":7}},"locations":[{"start":{"line":30,"column":66},"end":{"line":33,"column":7}}]},"7":{"type":"branch","line":25,"loc":{"start":{"line":25,"column":37},"end":{"line":28,"column":16}},"locations":[{"start":{"line":25,"column":37},"end":{"line":28,"column":16}}]},"8":{"type":"branch","line":26,"loc":{"start":{"line":26,"column":30},"end":{"line":26,"column":67}},"locations":[{"start":{"line":26,"column":30},"end":{"line":26,"column":67}}]},"9":{"type":"branch","line":26,"loc":{"start":{"line":26,"column":58},"end":{"line":27,"column":42}},"locations":[{"start":{"line":26,"column":58},"end":{"line":27,"column":42}}]},"10":{"type":"branch","line":27,"loc":{"start":{"line":27,"column":41},"end":{"line":28,"column":16}},"locations":[{"start":{"line":27,"column":41},"end":{"line":28,"column":16}}]}},"b":{"0":[61],"1":[35],"2":[22],"3":[22],"4":[22],"5":[12],"6":[3],"7":[26],"8":[20],"9":[5],"10":[21]},"fnMap":{"0":{"name":"useTimeInterval","decl":{"start":{"line":5,"column":31},"end":{"line":38,"column":2}},"loc":{"start":{"line":5,"column":31},"end":{"line":38,"column":2}},"line":5}},"f":{"0":61}}
,"/home/bititude/avanthik/task tracker/src/pages/CompletedTasks.tsx": {"path":"/home/bititude/avanthik/task tracker/src/pages/CompletedTasks.tsx","all":false,"statementMap":{"0":{"start":{"line":1,"column":0},"end":{"line":1,"column":54}},"3":{"start":{"line":4,"column":0},"end":{"line":4,"column":57}},"4":{"start":{"line":5,"column":0},"end":{"line":5,"column":48}},"6":{"start":{"line":7,"column":0},"end":{"line":7,"column":40}},"7":{"start":{"line":8,"column":0},"end":{"line":8,"column":34}},"8":{"start":{"line":9,"column":0},"end":{"line":9,"column":56}},"9":{"start":{"line":10,"column":0},"end":{"line":10,"column":77}},"11":{"start":{"line":12,"column":0},"end":{"line":12,"column":50}},"12":{"start":{"line":13,"column":0},"end":{"line":13,"column":67}},"14":{"start":{"line":15,"column":0},"end":{"line":15,"column":19}},"15":{"start":{"line":16,"column":0},"end":{"line":16,"column":15}},"16":{"start":{"line":17,"column":0},"end":{"line":17,"column":46}},"17":{"start":{"line":18,"column":0},"end":{"line":18,"column":58}},"18":{"start":{"line":19,"column":0},"end":{"line":19,"column":26}},"19":{"start":{"line":20,"column":0},"end":{"line":20,"column":57}},"20":{"start":{"line":21,"column":0},"end":{"line":21,"column":45}},"21":{"start":{"line":22,"column":0},"end":{"line":22,"column":75}},"23":{"start":{"line":24,"column":0},"end":{"line":24,"column":35}},"24":{"start":{"line":25,"column":0},"end":{"line":25,"column":78}},"25":{"start":{"line":26,"column":0},"end":{"line":26,"column":35}},"26":{"start":{"line":27,"column":0},"end":{"line":27,"column":13}},"27":{"start":{"line":28,"column":0},"end":{"line":28,"column":29}},"28":{"start":{"line":29,"column":0},"end":{"line":29,"column":13}},"29":{"start":{"line":30,"column":0},"end":{"line":30,"column":9}},"30":{"start":{"line":31,"column":0},"end":{"line":31,"column":8}},"31":{"start":{"line":32,"column":0},"end":{"line":32,"column":30}},"32":{"start":{"line":33,"column":0},"end":{"line":33,"column":5}},"33":{"start":{"line":34,"column":0},"end":{"line":34,"column":27}},"35":{"start":{"line":36,"column":0},"end":{"line":36,"column":24}},"36":{"start":{"line":37,"column":0},"end":{"line":37,"column":47}},"37":{"start":{"line":38,"column":0},"end":{"line":38,"column":26}},"39":{"start":{"line":40,"column":0},"end":{"line":40,"column":46}},"40":{"start":{"line":41,"column":0},"end":{"line":41,"column":4}},"42":{"start":{"line":43,"column":0},"end":{"line":43,"column":14}},"43":{"start":{"line":44,"column":0},"end":{"line":44,"column":12}},"44":{"start":{"line":45,"column":0},"end":{"line":45,"column":8}},"45":{"start":{"line":46,"column":0},"end":{"line":46,"column":71}},"46":{"start":{"line":47,"column":0},"end":{"line":47,"column":63}},"52":{"start":{"line":53,"column":0},"end":{"line":53,"column":3}},"53":{"start":{"line":54,"column":0},"end":{"line":54,"column":27}},"54":{"start":{"line":55,"column":0},"end":{"line":55,"column":12}},"55":{"start":{"line":56,"column":0},"end":{"line":56,"column":8}},"56":{"start":{"line":57,"column":0},"end":{"line":57,"column":79}},"61":{"start":{"line":62,"column":0},"end":{"line":62,"column":3}},"62":{"start":{"line":63,"column":0},"end":{"line":63,"column":10}},"63":{"start":{"line":64,"column":0},"end":{"line":64,"column":14}},"64":{"start":{"line":65,"column":0},"end":{"line":65,"column":57}},"65":{"start":{"line":66,"column":0},"end":{"line":66,"column":74}},"68":{"start":{"line":69,"column":0},"end":{"line":69,"column":35}},"69":{"start":{"line":70,"column":0},"end":{"line":70,"column":33}},"70":{"start":{"line":71,"column":0},"end":{"line":71,"column":16}},"71":{"start":{"line":72,"column":0},"end":{"line":72,"column":28}},"72":{"start":{"line":73,"column":0},"end":{"line":73,"column":130}},"74":{"start":{"line":75,"column":0},"end":{"line":75,"column":71}},"75":{"start":{"line":76,"column":0},"end":{"line":76,"column":42}},"77":{"start":{"line":78,"column":0},"end":{"line":78,"column":79}},"78":{"start":{"line":79,"column":0},"end":{"line":79,"column":56}},"79":{"start":{"line":80,"column":0},"end":{"line":80,"column":60}},"81":{"start":{"line":82,"column":0},"end":{"line":82,"column":59}},"82":{"start":{"line":83,"column":0},"end":{"line":83,"column":22}},"83":{"start":{"line":84,"column":0},"end":{"line":84,"column":33}},"84":{"start":{"line":85,"column":0},"end":{"line":85,"column":45}},"85":{"start":{"line":86,"column":0},"end":{"line":86,"column":43}},"86":{"start":{"line":87,"column":0},"end":{"line":87,"column":55}},"87":{"start":{"line":88,"column":0},"end":{"line":88,"column":56}},"88":{"start":{"line":89,"column":0},"end":{"line":89,"column":69}},"89":{"start":{"line":90,"column":0},"end":{"line":90,"column":224}},"91":{"start":{"line":92,"column":0},"end":{"line":92,"column":22}},"92":{"start":{"line":93,"column":0},"end":{"line":93,"column":48}},"93":{"start":{"line":94,"column":0},"end":{"line":94,"column":51}},"94":{"start":{"line":95,"column":0},"end":{"line":95,"column":17}},"104":{"start":{"line":105,"column":0},"end":{"line":105,"column":2}},"106":{"start":{"line":107,"column":0},"end":{"line":107,"column":30}}},"s":{"0":1,"3":1,"4":1,"6":1,"7":15,"8":15,"9":15,"11":15,"12":15,"14":15,"15":12,"16":11,"17":11,"18":11,"19":10,"20":10,"21":10,"23":10,"24":10,"25":3,"26":3,"27":7,"28":7,"29":10,"30":11,"31":11,"32":11,"33":15,"35":15,"36":1,"37":1,"39":1,"40":1,"42":15,"43":1,"44":1,"45":1,"46":1,"52":1,"53":15,"54":7,"55":7,"56":7,"61":7,"62":7,"63":7,"64":7,"65":7,"68":7,"69":7,"70":7,"71":7,"72":7,"74":7,"75":7,"77":7,"78":7,"79":7,"81":7,"82":7,"83":7,"84":7,"85":7,"86":7,"87":7,"88":7,"89":7,"91":7,"92":7,"93":7,"94":7,"104":7,"106":1},"branchMap":{"0":{"type":"branch","line":7,"loc":{"start":{"line":7,"column":33},"end":{"line":105,"column":2}},"locations":[{"start":{"line":7,"column":33},"end":{"line":105,"column":2}}]},"1":{"type":"branch","line":10,"loc":{"start":{"line":10,"column":34},"end":{"line":10,"column":72}},"locations":[{"start":{"line":10,"column":34},"end":{"line":10,"column":72}}]},"2":{"type":"branch","line":10,"loc":{"start":{"line":10,"column":58},"end":{"line":10,"column":77}},"locations":[{"start":{"line":10,"column":58},"end":{"line":10,"column":77}}]},"3":{"type":"branch","line":43,"loc":{"start":{"line":43,"column":13},"end":{"line":53,"column":3}},"locations":[{"start":{"line":43,"column":13},"end":{"line":53,"column":3}}]},"4":{"type":"branch","line":53,"loc":{"start":{"line":53,"column":2},"end":{"line":54,"column":26}},"locations":[{"start":{"line":53,"column":2},"end":{"line":54,"column":26}}]},"5":{"type":"branch","line":54,"loc":{"start":{"line":54,"column":26},"end":{"line":105,"column":2}},"locations":[{"start":{"line":54,"column":26},"end":{"line":105,"column":2}}]},"6":{"type":"branch","line":15,"loc":{"start":{"line":15,"column":12},"end":{"line":34,"column":5}},"locations":[{"start":{"line":15,"column":12},"end":{"line":34,"column":5}}]},"7":{"type":"branch","line":16,"loc":{"start":{"line":16,"column":14},"end":{"line":33,"column":5}},"locations":[{"start":{"line":16,"column":14},"end":{"line":33,"column":5}}]},"8":{"type":"branch","line":17,"loc":{"start":{"line":17,"column":25},"end":{"line":31,"column":8}},"locations":[{"start":{"line":17,"column":25},"end":{"line":31,"column":8}}]},"9":{"type":"branch","line":19,"loc":{"start":{"line":19,"column":25},"end":{"line":30,"column":9}},"locations":[{"start":{"line":19,"column":25},"end":{"line":30,"column":9}}]},"10":{"type":"branch","line":22,"loc":{"start":{"line":22,"column":12},"end":{"line":22,"column":75}},"locations":[{"start":{"line":22,"column":12},"end":{"line":22,"column":75}}]},"11":{"type":"branch","line":24,"loc":{"start":{"line":24,"column":19},"end":{"line":29,"column":13}},"locations":[{"start":{"line":24,"column":19},"end":{"line":29,"column":13}}]},"12":{"type":"branch","line":25,"loc":{"start":{"line":25,"column":77},"end":{"line":27,"column":13}},"locations":[{"start":{"line":25,"column":77},"end":{"line":27,"column":13}}]},"13":{"type":"branch","line":27,"loc":{"start":{"line":27,"column":12},"end":{"line":29,"column":13}},"locations":[{"start":{"line":27,"column":12},"end":{"line":29,"column":13}}]},"14":{"type":"branch","line":36,"loc":{"start":{"line":36,"column":23},"end":{"line":41,"column":4}},"locations":[{"start":{"line":36,"column":23},"end":{"line":41,"column":4}}]},"15":{"type":"branch","line":89,"loc":{"start":{"line":89,"column":28},"end":{"line":89,"column":69}},"locations":[{"start":{"line":89,"column":28},"end":{"line":89,"column":69}}]}},"b":{"0":[15],"1":[14],"2":[1],"3":[1],"4":[14],"5":[7],"6":[12],"7":[11],"8":[11],"9":[10],"10":[27],"11":[10],"12":[3],"13":[7],"14":[1],"15":[1]},"fnMap":{"0":{"name":"CompletedTasks","decl":{"start":{"line":7,"column":33},"end":{"line":105,"column":2}},"loc":{"start":{"line":7,"column":33},"end":{"line":105,"column":2}},"line":7},"1":{"name":"fetchTasks","decl":{"start":{"line":17,"column":25},"end":{"line":31,"column":8}},"loc":{"start":{"line":17,"column":25},"end":{"line":31,"column":8}},"line":17},"2":{"name":"handleChange","decl":{"start":{"line":36,"column":23},"end":{"line":41,"column":4}},"loc":{"start":{"line":36,"column":23},"end":{"line":41,"column":4}},"line":36},"3":{"name":"onChange","decl":{"start":{"line":89,"column":28},"end":{"line":89,"column":69}},"loc":{"start":{"line":89,"column":28},"end":{"line":89,"column":69}},"line":89}},"f":{"0":15,"1":11,"2":1,"3":1}}
,"/home/bititude/avanthik/task tracker/src/pages/Home.tsx": {"path":"/home/bititude/avanthik/task tracker/src/pages/Home.tsx","all":false,"statementMap":{"0":{"start":{"line":1,"column":0},"end":{"line":1,"column":44}},"1":{"start":{"line":2,"column":0},"end":{"line":2,"column":40}},"3":{"start":{"line":4,"column":0},"end":{"line":4,"column":57}},"5":{"start":{"line":6,"column":0},"end":{"line":6,"column":48}},"6":{"start":{"line":7,"column":0},"end":{"line":7,"column":22}},"7":{"start":{"line":8,"column":0},"end":{"line":8,"column":26}},"9":{"start":{"line":10,"column":0},"end":{"line":10,"column":30}},"10":{"start":{"line":11,"column":0},"end":{"line":11,"column":24}},"11":{"start":{"line":12,"column":0},"end":{"line":12,"column":56}},"12":{"start":{"line":13,"column":0},"end":{"line":13,"column":77}},"13":{"start":{"line":14,"column":0},"end":{"line":14,"column":51}},"14":{"start":{"line":15,"column":0},"end":{"line":15,"column":28}},"15":{"start":{"line":16,"column":0},"end":{"line":16,"column":35}},"16":{"start":{"line":17,"column":0},"end":{"line":17,"column":13}},"17":{"start":{"line":18,"column":0},"end":{"line":18,"column":20}},"18":{"start":{"line":19,"column":0},"end":{"line":19,"column":13}},"19":{"start":{"line":20,"column":0},"end":{"line":20,"column":22}},"20":{"start":{"line":21,"column":0},"end":{"line":21,"column":5}},"21":{"start":{"line":22,"column":0},"end":{"line":22,"column":49}},"22":{"start":{"line":23,"column":0},"end":{"line":23,"column":50}},"23":{"start":{"line":24,"column":0},"end":{"line":24,"column":67}},"25":{"start":{"line":26,"column":0},"end":{"line":26,"column":19}},"26":{"start":{"line":27,"column":0},"end":{"line":27,"column":16}},"27":{"start":{"line":28,"column":0},"end":{"line":28,"column":43}},"28":{"start":{"line":29,"column":0},"end":{"line":29,"column":13}},"29":{"start":{"line":30,"column":0},"end":{"line":30,"column":12}},"30":{"start":{"line":31,"column":0},"end":{"line":31,"column":46}},"31":{"start":{"line":32,"column":0},"end":{"line":32,"column":58}},"32":{"start":{"line":33,"column":0},"end":{"line":33,"column":26}},"33":{"start":{"line":34,"column":0},"end":{"line":34,"column":57}},"34":{"start":{"line":35,"column":0},"end":{"line":35,"column":79}},"35":{"start":{"line":36,"column":0},"end":{"line":36,"column":35}},"36":{"start":{"line":37,"column":0},"end":{"line":37,"column":78}},"37":{"start":{"line":38,"column":0},"end":{"line":38,"column":35}},"38":{"start":{"line":39,"column":0},"end":{"line":39,"column":13}},"39":{"start":{"line":40,"column":0},"end":{"line":40,"column":29}},"40":{"start":{"line":41,"column":0},"end":{"line":41,"column":13}},"41":{"start":{"line":42,"column":0},"end":{"line":42,"column":9}},"42":{"start":{"line":43,"column":0},"end":{"line":43,"column":8}},"43":{"start":{"line":44,"column":0},"end":{"line":44,"column":30}},"44":{"start":{"line":45,"column":0},"end":{"line":45,"column":5}},"45":{"start":{"line":46,"column":0},"end":{"line":46,"column":27}},"47":{"start":{"line":48,"column":0},"end":{"line":48,"column":56}},"48":{"start":{"line":49,"column":0},"end":{"line":49,"column":27}},"49":{"start":{"line":50,"column":0},"end":{"line":50,"column":68}},"50":{"start":{"line":51,"column":0},"end":{"line":51,"column":45}},"51":{"start":{"line":52,"column":0},"end":{"line":52,"column":19}},"52":{"start":{"line":53,"column":0},"end":{"line":53,"column":5}},"54":{"start":{"line":55,"column":0},"end":{"line":55,"column":54}},"55":{"start":{"line":56,"column":0},"end":{"line":56,"column":49}},"56":{"start":{"line":57,"column":0},"end":{"line":57,"column":31}},"57":{"start":{"line":58,"column":0},"end":{"line":58,"column":11}},"58":{"start":{"line":59,"column":0},"end":{"line":59,"column":36}},"59":{"start":{"line":60,"column":0},"end":{"line":60,"column":68}},"60":{"start":{"line":61,"column":0},"end":{"line":61,"column":31}},"61":{"start":{"line":62,"column":0},"end":{"line":62,"column":17}},"62":{"start":{"line":63,"column":0},"end":{"line":63,"column":30}},"63":{"start":{"line":64,"column":0},"end":{"line":64,"column":37}},"64":{"start":{"line":65,"column":0},"end":{"line":65,"column":15}},"65":{"start":{"line":66,"column":0},"end":{"line":66,"column":22}},"66":{"start":{"line":67,"column":0},"end":{"line":67,"column":15}},"67":{"start":{"line":68,"column":0},"end":{"line":68,"column":24}},"68":{"start":{"line":69,"column":0},"end":{"line":69,"column":7}},"69":{"start":{"line":70,"column":0},"end":{"line":70,"column":4}},"71":{"start":{"line":72,"column":0},"end":{"line":72,"column":24}},"72":{"start":{"line":73,"column":0},"end":{"line":73,"column":47}},"73":{"start":{"line":74,"column":0},"end":{"line":74,"column":26}},"75":{"start":{"line":76,"column":0},"end":{"line":76,"column":46}},"76":{"start":{"line":77,"column":0},"end":{"line":77,"column":4}},"78":{"start":{"line":79,"column":0},"end":{"line":79,"column":19}},"79":{"start":{"line":80,"column":0},"end":{"line":80,"column":16}},"80":{"start":{"line":81,"column":0},"end":{"line":81,"column":45}},"81":{"start":{"line":82,"column":0},"end":{"line":82,"column":21}},"82":{"start":{"line":83,"column":0},"end":{"line":83,"column":15}},"84":{"start":{"line":85,"column":0},"end":{"line":85,"column":20}},"85":{"start":{"line":86,"column":0},"end":{"line":86,"column":35}},"86":{"start":{"line":87,"column":0},"end":{"line":87,"column":8}},"87":{"start":{"line":88,"column":0},"end":{"line":88,"column":5}},"88":{"start":{"line":89,"column":0},"end":{"line":89,"column":14}},"90":{"start":{"line":91,"column":0},"end":{"line":91,"column":77}},"91":{"start":{"line":92,"column":0},"end":{"line":92,"column":28}},"92":{"start":{"line":93,"column":0},"end":{"line":93,"column":14}},"93":{"start":{"line":94,"column":0},"end":{"line":94,"column":46}},"94":{"start":{"line":95,"column":0},"end":{"line":95,"column":8}},"95":{"start":{"line":96,"column":0},"end":{"line":96,"column":4}},"97":{"start":{"line":98,"column":0},"end":{"line":98,"column":19}},"98":{"start":{"line":99,"column":0},"end":{"line":99,"column":15}},"99":{"start":{"line":100,"column":0},"end":{"line":100,"column":18}},"100":{"start":{"line":101,"column":0},"end":{"line":101,"column":9}},"102":{"start":{"line":103,"column":0},"end":{"line":103,"column":14}},"103":{"start":{"line":104,"column":0},"end":{"line":104,"column":12}},"104":{"start":{"line":105,"column":0},"end":{"line":105,"column":8}},"105":{"start":{"line":106,"column":0},"end":{"line":106,"column":71}},"106":{"start":{"line":107,"column":0},"end":{"line":107,"column":63}},"112":{"start":{"line":113,"column":0},"end":{"line":113,"column":3}},"114":{"start":{"line":115,"column":0},"end":{"line":115,"column":10}},"115":{"start":{"line":116,"column":0},"end":{"line":116,"column":6}},"116":{"start":{"line":117,"column":0},"end":{"line":117,"column":17}},"117":{"start":{"line":118,"column":0},"end":{"line":118,"column":103}},"118":{"start":{"line":119,"column":0},"end":{"line":119,"column":35}},"122":{"start":{"line":123,"column":0},"end":{"line":123,"column":62}},"123":{"start":{"line":124,"column":0},"end":{"line":124,"column":61}},"124":{"start":{"line":125,"column":0},"end":{"line":125,"column":66}},"127":{"start":{"line":128,"column":0},"end":{"line":128,"column":10}},"128":{"start":{"line":129,"column":0},"end":{"line":129,"column":26}},"129":{"start":{"line":130,"column":0},"end":{"line":130,"column":28}},"130":{"start":{"line":131,"column":0},"end":{"line":131,"column":31}},"131":{"start":{"line":132,"column":0},"end":{"line":132,"column":75}},"133":{"start":{"line":134,"column":0},"end":{"line":134,"column":64}},"134":{"start":{"line":135,"column":0},"end":{"line":135,"column":28}},"135":{"start":{"line":136,"column":0},"end":{"line":136,"column":18}},"136":{"start":{"line":137,"column":0},"end":{"line":137,"column":28}},"137":{"start":{"line":138,"column":0},"end":{"line":138,"column":75}},"138":{"start":{"line":139,"column":0},"end":{"line":139,"column":13}},"141":{"start":{"line":142,"column":0},"end":{"line":142,"column":18}},"142":{"start":{"line":143,"column":0},"end":{"line":143,"column":25}},"143":{"start":{"line":144,"column":0},"end":{"line":144,"column":23}},"144":{"start":{"line":145,"column":0},"end":{"line":145,"column":42}},"145":{"start":{"line":146,"column":0},"end":{"line":146,"column":25}},"146":{"start":{"line":147,"column":0},"end":{"line":147,"column":35}},"147":{"start":{"line":148,"column":0},"end":{"line":148,"column":153}},"148":{"start":{"line":149,"column":0},"end":{"line":149,"column":38}},"151":{"start":{"line":152,"column":0},"end":{"line":152,"column":28}},"152":{"start":{"line":153,"column":0},"end":{"line":153,"column":18}},"153":{"start":{"line":154,"column":0},"end":{"line":154,"column":28}},"154":{"start":{"line":155,"column":0},"end":{"line":155,"column":76}},"155":{"start":{"line":156,"column":0},"end":{"line":156,"column":13}},"158":{"start":{"line":159,"column":0},"end":{"line":159,"column":18}},"159":{"start":{"line":160,"column":0},"end":{"line":160,"column":25}},"160":{"start":{"line":161,"column":0},"end":{"line":161,"column":30}},"161":{"start":{"line":162,"column":0},"end":{"line":162,"column":42}},"162":{"start":{"line":163,"column":0},"end":{"line":163,"column":32}},"163":{"start":{"line":164,"column":0},"end":{"line":164,"column":42}},"164":{"start":{"line":165,"column":0},"end":{"line":165,"column":153}},"168":{"start":{"line":169,"column":0},"end":{"line":169,"column":28}},"169":{"start":{"line":170,"column":0},"end":{"line":170,"column":18}},"170":{"start":{"line":171,"column":0},"end":{"line":171,"column":28}},"171":{"start":{"line":172,"column":0},"end":{"line":172,"column":76}},"172":{"start":{"line":173,"column":0},"end":{"line":173,"column":13}},"175":{"start":{"line":176,"column":0},"end":{"line":176,"column":18}},"176":{"start":{"line":177,"column":0},"end":{"line":177,"column":25}},"177":{"start":{"line":178,"column":0},"end":{"line":178,"column":42}},"178":{"start":{"line":179,"column":0},"end":{"line":179,"column":35}},"179":{"start":{"line":180,"column":0},"end":{"line":180,"column":35}},"180":{"start":{"line":181,"column":0},"end":{"line":181,"column":23}},"181":{"start":{"line":182,"column":0},"end":{"line":182,"column":153}},"185":{"start":{"line":186,"column":0},"end":{"line":186,"column":17}},"186":{"start":{"line":187,"column":0},"end":{"line":187,"column":25}},"187":{"start":{"line":188,"column":0},"end":{"line":188,"column":30}},"188":{"start":{"line":189,"column":0},"end":{"line":189,"column":143}},"189":{"start":{"line":190,"column":0},"end":{"line":190,"column":11}},"194":{"start":{"line":195,"column":0},"end":{"line":195,"column":27}},"195":{"start":{"line":196,"column":0},"end":{"line":196,"column":79}},"199":{"start":{"line":200,"column":0},"end":{"line":200,"column":12}},"200":{"start":{"line":201,"column":0},"end":{"line":201,"column":28}},"201":{"start":{"line":202,"column":0},"end":{"line":202,"column":30}},"202":{"start":{"line":203,"column":0},"end":{"line":203,"column":33}},"203":{"start":{"line":204,"column":0},"end":{"line":204,"column":44}},"205":{"start":{"line":206,"column":0},"end":{"line":206,"column":68}},"208":{"start":{"line":209,"column":0},"end":{"line":209,"column":37}},"209":{"start":{"line":210,"column":0},"end":{"line":210,"column":38}},"210":{"start":{"line":211,"column":0},"end":{"line":211,"column":20}},"211":{"start":{"line":212,"column":0},"end":{"line":212,"column":26}},"212":{"start":{"line":213,"column":0},"end":{"line":213,"column":26}},"213":{"start":{"line":214,"column":0},"end":{"line":214,"column":33}},"214":{"start":{"line":215,"column":0},"end":{"line":215,"column":21}},"215":{"start":{"line":216,"column":0},"end":{"line":216,"column":34}},"216":{"start":{"line":217,"column":0},"end":{"line":217,"column":170}},"218":{"start":{"line":219,"column":0},"end":{"line":219,"column":72}},"219":{"start":{"line":220,"column":0},"end":{"line":220,"column":34}},"222":{"start":{"line":223,"column":0},"end":{"line":223,"column":25}},"223":{"start":{"line":224,"column":0},"end":{"line":224,"column":60}},"224":{"start":{"line":225,"column":0},"end":{"line":225,"column":70}},"226":{"start":{"line":227,"column":0},"end":{"line":227,"column":36}},"229":{"start":{"line":230,"column":0},"end":{"line":230,"column":52}},"230":{"start":{"line":231,"column":0},"end":{"line":231,"column":45}},"231":{"start":{"line":232,"column":0},"end":{"line":232,"column":30}},"232":{"start":{"line":233,"column":0},"end":{"line":233,"column":41}},"233":{"start":{"line":234,"column":0},"end":{"line":234,"column":53}},"234":{"start":{"line":235,"column":0},"end":{"line":235,"column":51}},"235":{"start":{"line":236,"column":0},"end":{"line":236,"column":67}},"236":{"start":{"line":237,"column":0},"end":{"line":237,"column":64}},"237":{"start":{"line":238,"column":0},"end":{"line":238,"column":77}},"238":{"start":{"line":239,"column":0},"end":{"line":239,"column":232}},"250":{"start":{"line":251,"column":0},"end":{"line":251,"column":2}},"252":{"start":{"line":253,"column":0},"end":{"line":253,"column":20}}},"s":{"0":1,"1":1,"3":1,"5":1,"6":1,"7":1,"9":1,"10":23,"11":23,"12":23,"13":23,"14":23,"15":23,"16":23,"17":23,"18":23,"19":23,"20":23,"21":23,"22":23,"23":23,"25":23,"26":16,"27":1,"28":1,"29":16,"30":15,"31":15,"32":15,"33":11,"34":11,"35":11,"36":11,"37":2,"38":2,"39":9,"40":9,"41":11,"42":15,"43":15,"44":15,"45":23,"47":23,"48":1,"49":1,"50":1,"51":1,"52":1,"54":0,"55":0,"56":0,"57":1,"58":1,"59":1,"60":1,"61":1,"62":1,"63":1,"64":1,"65":1,"66":1,"67":1,"68":1,"69":1,"71":23,"72":2,"73":2,"75":2,"76":2,"78":23,"79":9,"80":2,"81":0,"82":2,"84":2,"85":2,"86":2,"87":2,"88":23,"90":23,"91":0,"92":0,"93":0,"94":0,"95":0,"97":23,"98":7,"99":7,"100":23,"102":23,"103":2,"104":2,"105":2,"106":2,"112":2,"114":20,"115":20,"116":20,"117":23,"118":23,"122":23,"123":23,"124":23,"127":23,"128":23,"129":23,"130":23,"131":23,"133":23,"134":23,"135":23,"136":23,"137":23,"138":23,"141":23,"142":23,"143":23,"144":23,"145":23,"146":23,"147":23,"148":23,"151":23,"152":23,"153":23,"154":23,"155":23,"158":23,"159":23,"160":23,"161":23,"162":23,"163":23,"164":23,"168":23,"169":23,"170":23,"171":23,"172":23,"175":23,"176":23,"177":23,"178":23,"179":23,"180":23,"181":23,"185":23,"186":23,"187":23,"188":23,"189":23,"194":23,"195":8,"199":23,"200":23,"201":23,"202":23,"203":23,"205":23,"208":23,"209":23,"210":23,"211":23,"212":23,"213":23,"214":23,"215":23,"216":23,"218":23,"219":23,"222":23,"223":23,"224":23,"226":23,"229":23,"230":23,"231":23,"232":23,"233":23,"234":23,"235":23,"236":23,"237":23,"238":23,"250":23,"252":1},"branchMap":{"0":{"type":"branch","line":10,"loc":{"start":{"line":10,"column":23},"end":{"line":251,"column":2}},"locations":[{"start":{"line":10,"column":23},"end":{"line":251,"column":2}}]},"1":{"type":"branch","line":13,"loc":{"start":{"line":13,"column":34},"end":{"line":13,"column":72}},"locations":[{"start":{"line":13,"column":34},"end":{"line":13,"column":72}}]},"2":{"type":"branch","line":13,"loc":{"start":{"line":13,"column":58},"end":{"line":13,"column":77}},"locations":[{"start":{"line":13,"column":58},"end":{"line":13,"column":77}}]},"3":{"type":"branch","line":16,"loc":{"start":{"line":16,"column":12},"end":{"line":16,"column":30}},"locations":[{"start":{"line":16,"column":12},"end":{"line":16,"column":30}}]},"4":{"type":"branch","line":16,"loc":{"start":{"line":16,"column":30},"end":{"line":16,"column":35}},"locations":[{"start":{"line":16,"column":30},"end":{"line":16,"column":35}}]},"5":{"type":"branch","line":103,"loc":{"start":{"line":103,"column":13},"end":{"line":113,"column":3}},"locations":[{"start":{"line":103,"column":13},"end":{"line":113,"column":3}}]},"6":{"type":"branch","line":113,"loc":{"start":{"line":113,"column":2},"end":{"line":117,"column":17}},"locations":[{"start":{"line":113,"column":2},"end":{"line":117,"column":17}}]},"7":{"type":"branch","line":125,"loc":{"start":{"line":125,"column":20},"end":{"line":125,"column":35}},"locations":[{"start":{"line":125,"column":20},"end":{"line":125,"column":35}}]},"8":{"type":"branch","line":195,"loc":{"start":{"line":195,"column":22},"end":{"line":200,"column":9}},"locations":[{"start":{"line":195,"column":22},"end":{"line":200,"column":9}}]},"9":{"type":"branch","line":26,"loc":{"start":{"line":26,"column":12},"end":{"line":46,"column":5}},"locations":[{"start":{"line":26,"column":12},"end":{"line":46,"column":5}}]},"10":{"type":"branch","line":27,"loc":{"start":{"line":27,"column":15},"end":{"line":30,"column":11}},"locations":[{"start":{"line":27,"column":15},"end":{"line":30,"column":11}}]},"11":{"type":"branch","line":30,"loc":{"start":{"line":30,"column":4},"end":{"line":45,"column":5}},"locations":[{"start":{"line":30,"column":4},"end":{"line":45,"column":5}}]},"12":{"type":"branch","line":31,"loc":{"start":{"line":31,"column":25},"end":{"line":43,"column":8}},"locations":[{"start":{"line":31,"column":25},"end":{"line":43,"column":8}}]},"13":{"type":"branch","line":33,"loc":{"start":{"line":33,"column":25},"end":{"line":42,"column":9}},"locations":[{"start":{"line":33,"column":25},"end":{"line":42,"column":9}}]},"14":{"type":"branch","line":35,"loc":{"start":{"line":35,"column":45},"end":{"line":35,"column":79}},"locations":[{"start":{"line":35,"column":45},"end":{"line":35,"column":79}}]},"15":{"type":"branch","line":36,"loc":{"start":{"line":36,"column":19},"end":{"line":41,"column":13}},"locations":[{"start":{"line":36,"column":19},"end":{"line":41,"column":13}}]},"16":{"type":"branch","line":37,"loc":{"start":{"line":37,"column":77},"end":{"line":39,"column":13}},"locations":[{"start":{"line":37,"column":77},"end":{"line":39,"column":13}}]},"17":{"type":"branch","line":39,"loc":{"start":{"line":39,"column":12},"end":{"line":41,"column":13}},"locations":[{"start":{"line":39,"column":12},"end":{"line":41,"column":13}}]},"18":{"type":"branch","line":48,"loc":{"start":{"line":48,"column":27},"end":{"line":70,"column":4}},"locations":[{"start":{"line":48,"column":27},"end":{"line":70,"column":4}}]},"19":{"type":"branch","line":50,"loc":{"start":{"line":50,"column":22},"end":{"line":50,"column":47}},"locations":[{"start":{"line":50,"column":22},"end":{"line":50,"column":47}}]},"20":{"type":"branch","line":50,"loc":{"start":{"line":50,"column":47},"end":{"line":50,"column":65}},"locations":[{"start":{"line":50,"column":47},"end":{"line":50,"column":65}}]},"21":{"type":"branch","line":53,"loc":{"start":{"line":53,"column":4},"end":{"line":57,"column":31}},"locations":[{"start":{"line":53,"column":4},"end":{"line":57,"column":31}}]},"22":{"type":"branch","line":57,"loc":{"start":{"line":57,"column":19},"end":{"line":58,"column":10}},"locations":[{"start":{"line":57,"column":19},"end":{"line":58,"column":10}}]},"23":{"type":"branch","line":64,"loc":{"start":{"line":64,"column":14},"end":{"line":64,"column":32}},"locations":[{"start":{"line":64,"column":14},"end":{"line":64,"column":32}}]},"24":{"type":"branch","line":64,"loc":{"start":{"line":64,"column":32},"end":{"line":64,"column":37}},"locations":[{"start":{"line":64,"column":32},"end":{"line":64,"column":37}}]},"25":{"type":"branch","line":72,"loc":{"start":{"line":72,"column":23},"end":{"line":77,"column":4}},"locations":[{"start":{"line":72,"column":23},"end":{"line":77,"column":4}}]},"26":{"type":"branch","line":79,"loc":{"start":{"line":79,"column":12},"end":{"line":89,"column":5}},"locations":[{"start":{"line":79,"column":12},"end":{"line":89,"column":5}}]},"27":{"type":"branch","line":80,"loc":{"start":{"line":80,"column":15},"end":{"line":88,"column":5}},"locations":[{"start":{"line":80,"column":15},"end":{"line":88,"column":5}}]},"28":{"type":"branch","line":85,"loc":{"start":{"line":85,"column":13},"end":{"line":87,"column":8}},"locations":[{"start":{"line":85,"column":13},"end":{"line":87,"column":8}}]},"29":{"type":"branch","line":98,"loc":{"start":{"line":98,"column":12},"end":{"line":101,"column":5}},"locations":[{"start":{"line":98,"column":12},"end":{"line":101,"column":5}}]},"30":{"type":"branch","line":238,"loc":{"start":{"line":238,"column":36},"end":{"line":238,"column":77}},"locations":[{"start":{"line":238,"column":36},"end":{"line":238,"column":77}}]}},"b":{"0":[23],"1":[21],"2":[2],"3":[21],"4":[2],"5":[2],"6":[20],"7":[20],"8":[8],"9":[16],"10":[1],"11":[15],"12":[15],"13":[11],"14":[36],"15":[11],"16":[2],"17":[9],"18":[1],"19":[0],"20":[0],"21":[0],"22":[0],"23":[0],"24":[0],"25":[2],"26":[9],"27":[2],"28":[2],"29":[7],"30":[2]},"fnMap":{"0":{"name":"Home","decl":{"start":{"line":10,"column":23},"end":{"line":251,"column":2}},"loc":{"start":{"line":10,"column":23},"end":{"line":251,"column":2}},"line":10},"1":{"name":"fetchTasks","decl":{"start":{"line":31,"column":25},"end":{"line":43,"column":8}},"loc":{"start":{"line":31,"column":25},"end":{"line":43,"column":8}},"line":31},"2":{"name":"handleSumbitForm","decl":{"start":{"line":48,"column":27},"end":{"line":70,"column":4}},"loc":{"start":{"line":48,"column":27},"end":{"line":70,"column":4}},"line":48},"3":{"name":"handleChange","decl":{"start":{"line":72,"column":23},"end":{"line":77,"column":4}},"loc":{"start":{"line":72,"column":23},"end":{"line":77,"column":4}},"line":72},"4":{"name":"handleInputChange","decl":{"start":{"line":91,"column":28},"end":{"line":96,"column":4}},"loc":{"start":{"line":91,"column":28},"end":{"line":96,"column":4}},"line":91},"5":{"name":"onChange","decl":{"start":{"line":238,"column":36},"end":{"line":238,"column":77}},"loc":{"start":{"line":238,"column":36},"end":{"line":238,"column":77}},"line":238}},"f":{"0":23,"1":15,"2":1,"3":2,"4":0,"5":2}}
,"/home/bititude/avanthik/task tracker/src/pages/PendingTasks.tsx": {"path":"/home/bititude/avanthik/task tracker/src/pages/PendingTasks.tsx","all":false,"statementMap":{"0":{"start":{"line":1,"column":0},"end":{"line":1,"column":44}},"3":{"start":{"line":4,"column":0},"end":{"line":4,"column":57}},"4":{"start":{"line":5,"column":0},"end":{"line":5,"column":48}},"6":{"start":{"line":7,"column":0},"end":{"line":7,"column":38}},"7":{"start":{"line":8,"column":0},"end":{"line":8,"column":32}},"8":{"start":{"line":9,"column":0},"end":{"line":9,"column":56}},"9":{"start":{"line":10,"column":0},"end":{"line":10,"column":77}},"11":{"start":{"line":12,"column":0},"end":{"line":12,"column":50}},"12":{"start":{"line":13,"column":0},"end":{"line":13,"column":67}},"14":{"start":{"line":15,"column":0},"end":{"line":15,"column":19}},"15":{"start":{"line":16,"column":0},"end":{"line":16,"column":15}},"16":{"start":{"line":17,"column":0},"end":{"line":17,"column":46}},"17":{"start":{"line":18,"column":0},"end":{"line":18,"column":58}},"18":{"start":{"line":19,"column":0},"end":{"line":19,"column":26}},"19":{"start":{"line":20,"column":0},"end":{"line":20,"column":57}},"20":{"start":{"line":21,"column":0},"end":{"line":21,"column":45}},"21":{"start":{"line":22,"column":0},"end":{"line":22,"column":73}},"23":{"start":{"line":24,"column":0},"end":{"line":24,"column":35}},"24":{"start":{"line":25,"column":0},"end":{"line":25,"column":78}},"25":{"start":{"line":26,"column":0},"end":{"line":26,"column":35}},"26":{"start":{"line":27,"column":0},"end":{"line":27,"column":13}},"27":{"start":{"line":28,"column":0},"end":{"line":28,"column":29}},"28":{"start":{"line":29,"column":0},"end":{"line":29,"column":13}},"29":{"start":{"line":30,"column":0},"end":{"line":30,"column":9}},"30":{"start":{"line":31,"column":0},"end":{"line":31,"column":8}},"31":{"start":{"line":32,"column":0},"end":{"line":32,"column":30}},"32":{"start":{"line":33,"column":0},"end":{"line":33,"column":5}},"33":{"start":{"line":34,"column":0},"end":{"line":34,"column":27}},"35":{"start":{"line":36,"column":0},"end":{"line":36,"column":24}},"36":{"start":{"line":37,"column":0},"end":{"line":37,"column":47}},"37":{"start":{"line":38,"column":0},"end":{"line":38,"column":26}},"39":{"start":{"line":40,"column":0},"end":{"line":40,"column":46}},"40":{"start":{"line":41,"column":0},"end":{"line":41,"column":4}},"42":{"start":{"line":43,"column":0},"end":{"line":43,"column":14}},"43":{"start":{"line":44,"column":0},"end":{"line":44,"column":12}},"44":{"start":{"line":45,"column":0},"end":{"line":45,"column":8}},"45":{"start":{"line":46,"column":0},"end":{"line":46,"column":71}},"46":{"start":{"line":47,"column":0},"end":{"line":47,"column":63}},"52":{"start":{"line":53,"column":0},"end":{"line":53,"column":3}},"53":{"start":{"line":54,"column":0},"end":{"line":54,"column":27}},"54":{"start":{"line":55,"column":0},"end":{"line":55,"column":12}},"55":{"start":{"line":56,"column":0},"end":{"line":56,"column":69}},"56":{"start":{"line":57,"column":0},"end":{"line":57,"column":61}},"61":{"start":{"line":62,"column":0},"end":{"line":62,"column":3}},"63":{"start":{"line":64,"column":0},"end":{"line":64,"column":10}},"64":{"start":{"line":65,"column":0},"end":{"line":65,"column":6}},"65":{"start":{"line":66,"column":0},"end":{"line":66,"column":57}},"66":{"start":{"line":67,"column":0},"end":{"line":67,"column":74}},"69":{"start":{"line":70,"column":0},"end":{"line":70,"column":35}},"70":{"start":{"line":71,"column":0},"end":{"line":71,"column":33}},"71":{"start":{"line":72,"column":0},"end":{"line":72,"column":16}},"72":{"start":{"line":73,"column":0},"end":{"line":73,"column":28}},"73":{"start":{"line":74,"column":0},"end":{"line":74,"column":130}},"75":{"start":{"line":76,"column":0},"end":{"line":76,"column":71}},"76":{"start":{"line":77,"column":0},"end":{"line":77,"column":42}},"78":{"start":{"line":79,"column":0},"end":{"line":79,"column":79}},"79":{"start":{"line":80,"column":0},"end":{"line":80,"column":56}},"80":{"start":{"line":81,"column":0},"end":{"line":81,"column":60}},"82":{"start":{"line":83,"column":0},"end":{"line":83,"column":59}},"83":{"start":{"line":84,"column":0},"end":{"line":84,"column":22}},"84":{"start":{"line":85,"column":0},"end":{"line":85,"column":33}},"85":{"start":{"line":86,"column":0},"end":{"line":86,"column":45}},"86":{"start":{"line":87,"column":0},"end":{"line":87,"column":43}},"87":{"start":{"line":88,"column":0},"end":{"line":88,"column":56}},"88":{"start":{"line":89,"column":0},"end":{"line":89,"column":53}},"89":{"start":{"line":90,"column":0},"end":{"line":90,"column":69}},"90":{"start":{"line":91,"column":0},"end":{"line":91,"column":224}},"92":{"start":{"line":93,"column":0},"end":{"line":93,"column":22}},"93":{"start":{"line":94,"column":0},"end":{"line":94,"column":48}},"94":{"start":{"line":95,"column":0},"end":{"line":95,"column":51}},"95":{"start":{"line":96,"column":0},"end":{"line":96,"column":17}},"105":{"start":{"line":106,"column":0},"end":{"line":106,"column":2}},"107":{"start":{"line":108,"column":0},"end":{"line":108,"column":28}}},"s":{"0":1,"3":1,"4":1,"6":1,"7":15,"8":15,"9":15,"11":15,"12":15,"14":15,"15":12,"16":11,"17":11,"18":11,"19":10,"20":10,"21":10,"23":10,"24":10,"25":3,"26":3,"27":7,"28":7,"29":10,"30":11,"31":11,"32":11,"33":15,"35":15,"36":1,"37":1,"39":1,"40":1,"42":15,"43":1,"44":1,"45":1,"46":1,"52":1,"53":15,"54":7,"55":7,"56":7,"61":7,"63":7,"64":7,"65":7,"66":7,"69":7,"70":7,"71":7,"72":7,"73":7,"75":7,"76":7,"78":7,"79":7,"80":7,"82":7,"83":7,"84":7,"85":7,"86":7,"87":7,"88":7,"89":7,"90":7,"92":7,"93":7,"94":7,"95":7,"105":7,"107":1},"branchMap":{"0":{"type":"branch","line":7,"loc":{"start":{"line":7,"column":31},"end":{"line":106,"column":2}},"locations":[{"start":{"line":7,"column":31},"end":{"line":106,"column":2}}]},"1":{"type":"branch","line":10,"loc":{"start":{"line":10,"column":34},"end":{"line":10,"column":72}},"locations":[{"start":{"line":10,"column":34},"end":{"line":10,"column":72}}]},"2":{"type":"branch","line":10,"loc":{"start":{"line":10,"column":58},"end":{"line":10,"column":77}},"locations":[{"start":{"line":10,"column":58},"end":{"line":10,"column":77}}]},"3":{"type":"branch","line":43,"loc":{"start":{"line":43,"column":13},"end":{"line":53,"column":3}},"locations":[{"start":{"line":43,"column":13},"end":{"line":53,"column":3}}]},"4":{"type":"branch","line":53,"loc":{"start":{"line":53,"column":2},"end":{"line":54,"column":26}},"locations":[{"start":{"line":53,"column":2},"end":{"line":54,"column":26}}]},"5":{"type":"branch","line":54,"loc":{"start":{"line":54,"column":26},"end":{"line":106,"column":2}},"locations":[{"start":{"line":54,"column":26},"end":{"line":106,"column":2}}]},"6":{"type":"branch","line":15,"loc":{"start":{"line":15,"column":12},"end":{"line":34,"column":5}},"locations":[{"start":{"line":15,"column":12},"end":{"line":34,"column":5}}]},"7":{"type":"branch","line":16,"loc":{"start":{"line":16,"column":14},"end":{"line":33,"column":5}},"locations":[{"start":{"line":16,"column":14},"end":{"line":33,"column":5}}]},"8":{"type":"branch","line":17,"loc":{"start":{"line":17,"column":25},"end":{"line":31,"column":8}},"locations":[{"start":{"line":17,"column":25},"end":{"line":31,"column":8}}]},"9":{"type":"branch","line":19,"loc":{"start":{"line":19,"column":25},"end":{"line":30,"column":9}},"locations":[{"start":{"line":19,"column":25},"end":{"line":30,"column":9}}]},"10":{"type":"branch","line":22,"loc":{"start":{"line":22,"column":12},"end":{"line":22,"column":73}},"locations":[{"start":{"line":22,"column":12},"end":{"line":22,"column":73}}]},"11":{"type":"branch","line":24,"loc":{"start":{"line":24,"column":19},"end":{"line":29,"column":13}},"locations":[{"start":{"line":24,"column":19},"end":{"line":29,"column":13}}]},"12":{"type":"branch","line":25,"loc":{"start":{"line":25,"column":77},"end":{"line":27,"column":13}},"locations":[{"start":{"line":25,"column":77},"end":{"line":27,"column":13}}]},"13":{"type":"branch","line":27,"loc":{"start":{"line":27,"column":12},"end":{"line":29,"column":13}},"locations":[{"start":{"line":27,"column":12},"end":{"line":29,"column":13}}]},"14":{"type":"branch","line":36,"loc":{"start":{"line":36,"column":23},"end":{"line":41,"column":4}},"locations":[{"start":{"line":36,"column":23},"end":{"line":41,"column":4}}]},"15":{"type":"branch","line":90,"loc":{"start":{"line":90,"column":28},"end":{"line":90,"column":69}},"locations":[{"start":{"line":90,"column":28},"end":{"line":90,"column":69}}]}},"b":{"0":[15],"1":[14],"2":[1],"3":[1],"4":[14],"5":[7],"6":[12],"7":[11],"8":[11],"9":[10],"10":[27],"11":[10],"12":[3],"13":[7],"14":[1],"15":[1]},"fnMap":{"0":{"name":"PendingTasks","decl":{"start":{"line":7,"column":31},"end":{"line":106,"column":2}},"loc":{"start":{"line":7,"column":31},"end":{"line":106,"column":2}},"line":7},"1":{"name":"fetchTasks","decl":{"start":{"line":17,"column":25},"end":{"line":31,"column":8}},"loc":{"start":{"line":17,"column":25},"end":{"line":31,"column":8}},"line":17},"2":{"name":"handleChange","decl":{"start":{"line":36,"column":23},"end":{"line":41,"column":4}},"loc":{"start":{"line":36,"column":23},"end":{"line":41,"column":4}},"line":36},"3":{"name":"onChange","decl":{"start":{"line":90,"column":28},"end":{"line":90,"column":69}},"loc":{"start":{"line":90,"column":28},"end":{"line":90,"column":69}},"line":90}},"f":{"0":15,"1":11,"2":1,"3":1}}
,"/home/bititude/avanthik/task tracker/src/pages/Signin.tsx": {"path":"/home/bititude/avanthik/task tracker/src/pages/Signin.tsx","all":false,"statementMap":{"0":{"start":{"line":1,"column":0},"end":{"line":1,"column":51}},"1":{"start":{"line":2,"column":0},"end":{"line":2,"column":40}},"2":{"start":{"line":3,"column":0},"end":{"line":3,"column":53}},"3":{"start":{"line":4,"column":0},"end":{"line":4,"column":62}},"6":{"start":{"line":7,"column":0},"end":{"line":7,"column":32}},"7":{"start":{"line":8,"column":0},"end":{"line":8,"column":56}},"8":{"start":{"line":9,"column":0},"end":{"line":9,"column":14}},"9":{"start":{"line":10,"column":0},"end":{"line":10,"column":17}},"10":{"start":{"line":11,"column":0},"end":{"line":11,"column":5}},"11":{"start":{"line":12,"column":0},"end":{"line":12,"column":48}},"12":{"start":{"line":13,"column":0},"end":{"line":13,"column":49}},"13":{"start":{"line":14,"column":0},"end":{"line":14,"column":33}},"15":{"start":{"line":16,"column":0},"end":{"line":16,"column":19}},"16":{"start":{"line":17,"column":0},"end":{"line":17,"column":16}},"17":{"start":{"line":18,"column":0},"end":{"line":18,"column":44}},"18":{"start":{"line":19,"column":0},"end":{"line":19,"column":21}},"19":{"start":{"line":20,"column":0},"end":{"line":20,"column":15}},"21":{"start":{"line":22,"column":0},"end":{"line":22,"column":20}},"22":{"start":{"line":23,"column":0},"end":{"line":23,"column":34}},"23":{"start":{"line":24,"column":0},"end":{"line":24,"column":8}},"24":{"start":{"line":25,"column":0},"end":{"line":25,"column":5}},"25":{"start":{"line":26,"column":0},"end":{"line":26,"column":14}},"27":{"start":{"line":28,"column":0},"end":{"line":28,"column":77}},"28":{"start":{"line":29,"column":0},"end":{"line":29,"column":28}},"29":{"start":{"line":30,"column":0},"end":{"line":30,"column":14}},"30":{"start":{"line":31,"column":0},"end":{"line":31,"column":46}},"31":{"start":{"line":32,"column":0},"end":{"line":32,"column":8}},"32":{"start":{"line":33,"column":0},"end":{"line":33,"column":4}},"34":{"start":{"line":35,"column":0},"end":{"line":35,"column":56}},"35":{"start":{"line":36,"column":0},"end":{"line":36,"column":27}},"36":{"start":{"line":37,"column":0},"end":{"line":37,"column":48}},"37":{"start":{"line":38,"column":0},"end":{"line":38,"column":41}},"38":{"start":{"line":39,"column":0},"end":{"line":39,"column":13}},"39":{"start":{"line":40,"column":0},"end":{"line":40,"column":5}},"40":{"start":{"line":41,"column":0},"end":{"line":41,"column":21}},"41":{"start":{"line":42,"column":0},"end":{"line":42,"column":68}},"42":{"start":{"line":43,"column":0},"end":{"line":43,"column":28}},"43":{"start":{"line":44,"column":0},"end":{"line":44,"column":27}},"44":{"start":{"line":45,"column":0},"end":{"line":45,"column":76}},"46":{"start":{"line":47,"column":0},"end":{"line":47,"column":22}},"47":{"start":{"line":48,"column":0},"end":{"line":48,"column":15}},"48":{"start":{"line":49,"column":0},"end":{"line":49,"column":29}},"49":{"start":{"line":50,"column":0},"end":{"line":50,"column":63}},"50":{"start":{"line":51,"column":0},"end":{"line":51,"column":24}},"51":{"start":{"line":52,"column":0},"end":{"line":52,"column":12}},"52":{"start":{"line":53,"column":0},"end":{"line":53,"column":46}},"53":{"start":{"line":54,"column":0},"end":{"line":54,"column":19}},"54":{"start":{"line":55,"column":0},"end":{"line":55,"column":18}},"55":{"start":{"line":56,"column":0},"end":{"line":56,"column":21}},"56":{"start":{"line":57,"column":0},"end":{"line":57,"column":9}},"57":{"start":{"line":58,"column":0},"end":{"line":58,"column":19}},"58":{"start":{"line":59,"column":0},"end":{"line":59,"column":5}},"59":{"start":{"line":60,"column":0},"end":{"line":60,"column":4}},"60":{"start":{"line":61,"column":0},"end":{"line":61,"column":10}},"61":{"start":{"line":62,"column":0},"end":{"line":62,"column":6}},"62":{"start":{"line":63,"column":0},"end":{"line":63,"column":77}},"65":{"start":{"line":66,"column":0},"end":{"line":66,"column":17}},"66":{"start":{"line":67,"column":0},"end":{"line":67,"column":103}},"67":{"start":{"line":68,"column":0},"end":{"line":68,"column":35}},"70":{"start":{"line":71,"column":0},"end":{"line":71,"column":80}},"71":{"start":{"line":72,"column":0},"end":{"line":72,"column":42}},"72":{"start":{"line":73,"column":0},"end":{"line":73,"column":44}},"73":{"start":{"line":74,"column":0},"end":{"line":74,"column":18}},"74":{"start":{"line":75,"column":0},"end":{"line":75,"column":29}},"75":{"start":{"line":76,"column":0},"end":{"line":76,"column":71}},"76":{"start":{"line":77,"column":0},"end":{"line":77,"column":13}},"79":{"start":{"line":80,"column":0},"end":{"line":80,"column":18}},"80":{"start":{"line":81,"column":0},"end":{"line":81,"column":22}},"81":{"start":{"line":82,"column":0},"end":{"line":82,"column":128}},"82":{"start":{"line":83,"column":0},"end":{"line":83,"column":26}},"83":{"start":{"line":84,"column":0},"end":{"line":84,"column":24}},"84":{"start":{"line":85,"column":0},"end":{"line":85,"column":26}},"85":{"start":{"line":86,"column":0},"end":{"line":86,"column":36}},"86":{"start":{"line":87,"column":0},"end":{"line":87,"column":42}},"89":{"start":{"line":90,"column":0},"end":{"line":90,"column":32}},
[...]
:{"line":105,"column":22}},"105":{"start":{"line":106,"column":0},"end":{"line":106,"column":26}},"106":{"start":{"line":107,"column":0},"end":{"line":107,"column":26}},"107":{"start":{"line":108,"column":0},"end":{"line":108,"column":36}},"108":{"start":{"line":109,"column":0},"end":{"line":109,"column":42}},"109":{"start":{"line":110,"column":0},"end":{"line":110,"column":24}},"110":{"start":{"line":111,"column":0},"end":{"line":111,"column":128}},"114":{"start":{"line":115,"column":0},"end":{"line":115,"column":32}},"115":{"start":{"line":116,"column":0},"end":{"line":116,"column":18}},"116":{"start":{"line":117,"column":0},"end":{"line":117,"column":29}},"117":{"start":{"line":118,"column":0},"end":{"line":118,"column":70}},"118":{"start":{"line":119,"column":0},"end":{"line":119,"column":13}},"121":{"start":{"line":122,"column":0},"end":{"line":122,"column":18}},"122":{"start":{"line":123,"column":0},"end":{"line":123,"column":22}},"123":{"start":{"line":124,"column":0},"end":{"line":124,"column":25}},"124":{"start":{"line":125,"column":0},"end":{"line":125,"column":45}},"125":{"start":{"line":126,"column":0},"end":{"line":126,"column":26}},"126":{"start":{"line":127,"column":0},"end":{"line":127,"column":36}},"127":{"start":{"line":128,"column":0},"end":{"line":128,"column":42}},"128":{"start":{"line":129,"column":0},"end":{"line":129,"column":24}},"129":{"start":{"line":130,"column":0},"end":{"line":130,"column":128}},"133":{"start":{"line":134,"column":0},"end":{"line":134,"column":32}},"134":{"start":{"line":135,"column":0},"end":{"line":135,"column":18}},"135":{"start":{"line":136,"column":0},"end":{"line":136,"column":32}},"136":{"start":{"line":137,"column":0},"end":{"line":137,"column":70}},"137":{"start":{"line":138,"column":0},"end":{"line":138,"column":13}},"140":{"start":{"line":141,"column":0},"end":{"line":141,"column":18}},"141":{"start":{"line":142,"column":0},"end":{"line":142,"column":22}},"142":{"start":{"line":143,"column":0},"end":{"line":143,"column":29}},"143":{"start":{"line":144,"column":0},"end":{"line":144,"column":29}},"144":{"start":{"line":145,"column":0},"end":{"line":145,"column":39}},"145":{"start":{"line":146,"column":0},"end":{"line":146,"column":42}},"146":{"start":{"line":147,"column":0},"end":{"line":147,"column":27}},"147":{"start":{"line":148,"column":0},"end":{"line":148,"column":128}},"151":{"start":{"line":152,"column":0},"end":{"line":152,"column":32}},"152":{"start":{"line":153,"column":0},"end":{"line":153,"column":18}},"153":{"start":{"line":154,"column":0},"end":{"line":154,"column":35}},"154":{"start":{"line":155,"column":0},"end":{"line":155,"column":70}},"155":{"start":{"line":156,"column":0},"end":{"line":156,"column":13}},"158":{"start":{"line":159,"column":0},"end":{"line":159,"column":18}},"159":{"start":{"line":160,"column":0},"end":{"line":160,"column":22}},"160":{"start":{"line":161,"column":0},"end":{"line":161,"column":29}},"161":{"start":{"line":162,"column":0},"end":{"line":162,"column":42}},"162":{"start":{"line":163,"column":0},"end":{"line":163,"column":32}},"163":{"start":{"line":164,"column":0},"end":{"line":164,"column":33}},"164":{"start":{"line":165,"column":0},"end":{"line":165,"column":42}},"165":{"start":{"line":166,"column":0},"end":{"line":166,"column":30}},"166":{"start":{"line":167,"column":0},"end":{"line":167,"column":128}},"170":{"start":{"line":171,"column":0},"end":{"line":171,"column":17}},"171":{"start":{"line":172,"column":0},"end":{"line":172,"column":25}},"172":{"start":{"line":173,"column":0},"end":{"line":173,"column":41}},"173":{"start":{"line":174,"column":0},"end":{"line":174,"column":127}},"175":{"start":{"line":176,"column":0},"end":{"line":176,"column":24}},"176":{"start":{"line":177,"column":0},"end":{"line":177,"column":64}},"178":{"start":{"line":179,"column":0},"end":{"line":179,"column":22}},"181":{"start":{"line":182,"column":0},"end":{"line":182,"column":71}},"182":{"start":{"line":183,"column":0},"end":{"line":183,"column":59}},"188":{"start":{"line":189,"column":0},"end":{"line":189,"column":2}},"190":{"start":{"line":191,"column":0},"end":{"line":191,"column":22}}},"s":{"0":1,"1":1,"2":1,"3":1,"4":1,"7":1,"8":64,"9":64,"10":64,"11":64,"12":64,"13":64,"14":64,"15":64,"16":64,"17":64,"18":64,"20":64,"21":16,"22":8,"23":1,"24":8,"25":8,"26":8,"27":8,"28":8,"29":64,"31":64,"32":47,"33":47,"34":47,"35":47,"36":47,"38":64,"39":7,"40":7,"41":2,"42":2,"43":2,"44":5,"45":5,"46":5,"47":5,"48":5,"50":0,"51":0,"52":7,"53":7,"54":7,"55":7,"56":7,"57":7,"59":64,"60":1,"61":1,"62":1,"63":1,"65":64,"66":64,"67":64,"70":64,"71":64,"72":64,"76":64,"77":64,"78":64,"79":64,"80":64,"81":64,"82":64,"85":64,"86":64,"87":64,"88":64,"89":64,"90":64,"91":64,"92":64,"96":64,"97":64,"98":64,"99":64,"100":64,"103":64,"104":64,"105":64,"106":64,"107":64,"108":64,"109":64,"110":64,"114":64,"115":64,"116":64,"117":64,"118":64,"121":64,"122":64,"123":64,"124":64,"125":64,"126":64,"127":64,"128":64,"129":64,"133":64,"134":64,"135":64,"136":64,"137":64,"140":64,"141":64,"142":64,"143":64,"144":64,"145":64,"146":64,"147":64,"151":64,"152":64,"153":64,"154":64,"155":64,"158":64,"159":64,"160":64,"161":64,"162":64,"163":64,"164":64,"165":64,"166":64,"170":64,"171":64,"172":64,"173":64,"175":64,"176":0,"178":0,"181":64,"182":64,"188":64,"190":1},"branchMap":{"0":{"type":"branch","line":8,"loc":{"start":{"line":8,"column":25},"end":{"line":189,"column":2}},"locations":[{"start":{"line":8,"column":25},"end":{"line":189,"column":2}}]},"1":{"type":"branch","line":173,"loc":{"start":{"line":173,"column":24},"end":{"line":173,"column":41}},"locations":[{"start":{"line":173,"column":24},"end":{"line":173,"column":41}}]},"2":{"type":"branch","line":176,"loc":{"start":{"line":176,"column":13},"end":{"line":179,"column":22}},"locations":[{"start":{"line":176,"column":13},"end":{"line":179,"column":22}}]},"3":{"type":"branch","line":179,"loc":{"start":{"line":179,"column":14},"end":{"line":179,"column":22}},"locations":[{"start":{"line":179,"column":14},"end":{"line":179,"column":22}}]},"4":{"type":"branch","line":21,"loc":{"start":{"line":21,"column":12},"end":{"line":30,"column":5}},"locations":[{"start":{"line":21,"column":12},"end":{"line":30,"column":5}}]},"5":{"type":"branch","line":22,"loc":{"start":{"line":22,"column":15},"end":{"line":29,"column":5}},"locations":[{"start":{"line":22,"column":15},"end":{"line":29,"column":5}}]},"6":{"type":"branch","line":23,"loc":{"start":{"line":23,"column":37},"end":{"line":25,"column":9}},"locations":[{"start":{"line":23,"column":37},"end":{"line":25,"column":9}}]},"7":{"type":"branch","line":26,"loc":{"start":{"line":26,"column":13},"end":{"line":28,"column":8}},"locations":[{"start":{"line":26,"column":13},"end":{"line":28,"column":8}}]},"8":{"type":"branch","line":32,"loc":{"start":{"line":32,"column":28},"end":{"line":37,"column":4}},"locations":[{"start":{"line":32,"column":28},"end":{"line":37,"column":4}}]},"9":{"type":"branch","line":33,"loc":{"start":{"line":33,"column":16},"end":{"line":36,"column":8}},"locations":[{"start":{"line":33,"column":16},"end":{"line":36,"column":8}}]},"10":{"type":"branch","line":39,"loc":{"start":{"line":39,"column":27},"end":{"line":58,"column":4}},"locations":[{"start":{"line":39,"column":27},"end":{"line":58,"column":4}}]},"11":{"type":"branch","line":41,"loc":{"start":{"line":41,"column":52},"end":{"line":44,"column":5}},"locations":[{"start":{"line":41,"column":52},"end":{"line":44,"column":5}}]},"12":{"type":"branch","line":44,"loc":{"start":{"line":44,"column":4},"end":{"line":49,"column":5}},"locations":[{"start":{"line":44,"column":4},"end":{"line":49,"column":5}}]},"13":{"type":"branch","line":49,"loc":{"start":{"line":49,"column":4},"end":{"line":52,"column":68}},"locations":[{"start":{"line":49,"column":4},"end":{"line":52,"column":68}}]},"14":{"type":"branch","line":60,"loc":{"start":{"line":60,"column":21},"end":{"line":64,"column":4}},"locations":[{"start":{"line":60,"column":21},"end":{"line":64,"column":4}}]}},"b":{"0":[64],"1":[51],"2":[0],"3":[63],"4":[16],"5":[8],"6":[1],"7":[8],"8":[47],"9":[47],"10":[7],"11":[2],"12":[5],"13":[0],"14":[1]},"fnMap":{"0":{"name":"Signup","decl":{"start":{"line":8,"column":25},"end":{"line":189,"column":2}},"loc":{"start":{"line":8,"column":25},"end":{"line":189,"column":2}},"line":8},"1":{"name":"handleInputChange","decl":{"start":{"line":32,"column":28},"end":{"line":37,"column":4}},"loc":{"start":{"line":32,"column":28},"end":{"line":37,"column":4}},"line":32},"2":{"name":"handleSubmitForm","decl":{"start":{"line":39,"column":27},"end":{"line":58,"column":4}},"loc":{"start":{"line":39,"column":27},"end":{"line":58,"column":4}},"line":39},"3":{"name":"handleBlur","decl":{"start":{"line":60,"column":21},"end":{"line":64,"column":4}},"loc":{"start":{"line":60,"column":21},"end":{"line":64,"column":4}},"line":60}},"f":{"0":64,"1":47,"2":7,"3":1}}
,"/home/bititude/avanthik/task tracker/src/pages/TimoutTasks.tsx": {"path":"/home/bititude/avanthik/task tracker/src/pages/TimoutTasks.tsx","all":false,"statementMap":{"0":{"start":{"line":1,"column":0},"end":{"line":1,"column":44}},"3":{"start":{"line":4,"column":0},"end":{"line":4,"column":59}},"5":{"start":{"line":6,"column":0},"end":{"line":6,"column":37}},"6":{"start":{"line":7,"column":0},"end":{"line":7,"column":34}},"7":{"start":{"line":8,"column":0},"end":{"line":8,"column":56}},"8":{"start":{"line":9,"column":0},"end":{"line":9,"column":77}},"9":{"start":{"line":10,"column":0},"end":{"line":10,"column":50}},"10":{"start":{"line":11,"column":0},"end":{"line":11,"column":67}},"12":{"start":{"line":13,"column":0},"end":{"line":13,"column":19}},"13":{"start":{"line":14,"column":0},"end":{"line":14,"column":15}},"14":{"start":{"line":15,"column":0},"end":{"line":15,"column":46}},"15":{"start":{"line":16,"column":0},"end":{"line":16,"column":58}},"16":{"start":{"line":17,"column":0},"end":{"line":17,"column":26}},"17":{"start":{"line":18,"column":0},"end":{"line":18,"column":57}},"18":{"start":{"line":19,"column":0},"end":{"line":19,"column":45}},"19":{"start":{"line":20,"column":0},"end":{"line":20,"column":73}},"21":{"start":{"line":22,"column":0},"end":{"line":22,"column":35}},"22":{"start":{"line":23,"column":0},"end":{"line":23,"column":78}},"23":{"start":{"line":24,"column":0},"end":{"line":24,"column":35}},"24":{"start":{"line":25,"column":0},"end":{"line":25,"column":13}},"25":{"start":{"line":26,"column":0},"end":{"line":26,"column":29}},"26":{"start":{"line":27,"column":0},"end":{"line":27,"column":13}},"27":{"start":{"line":28,"column":0},"end":{"line":28,"column":9}},"28":{"start":{"line":29,"column":0},"end":{"line":29,"column":8}},"29":{"start":{"line":30,"column":0},"end":{"line":30,"column":30}},"30":{"start":{"line":31,"column":0},"end":{"line":31,"column":5}},"31":{"start":{"line":32,"column":0},"end":{"line":32,"column":27}},"33":{"start":{"line":34,"column":0},"end":{"line":34,"column":14}},"34":{"start":{"line":35,"column":0},"end":{"line":35,"column":12}},"35":{"start":{"line":36,"column":0},"end":{"line":36,"column":8}},"36":{"start":{"line":37,"column":0},"end":{"line":37,"column":71}},"37":{"start":{"line":38,"column":0},"end":{"line":38,"column":63}},"43":{"start":{"line":44,"column":0},"end":{"line":44,"column":3}},"45":{"start":{"line":46,"column":0},"end":{"line":46,"column":27}},"46":{"start":{"line":47,"column":0},"end":{"line":47,"column":12}},"47":{"start":{"line":48,"column":0},"end":{"line":48,"column":8}},"48":{"start":{"line":49,"column":0},"end":{"line":49,"column":79}},"53":{"start":{"line":54,"column":0},"end":{"line":54,"column":3}},"55":{"start":{"line":56,"column":0},"end":{"line":56,"column":10}},"56":{"start":{"line":57,"column":0},"end":{"line":57,"column":6}},"57":{"start":{"line":58,"column":0},"end":{"line":58,"column":57}},"58":{"start":{"line":59,"column":0},"end":{"line":59,"column":74}},"61":{"start":{"line":62,"column":0},"end":{"line":62,"column":35}},"62":{"start":{"line":63,"column":0},"end":{"line":63,"column":33}},"63":{"start":{"line":64,"column":0},"end":{"line":64,"column":16}},"64":{"start":{"line":65,"column":0},"end":{"line":65,"column":28}},"65":{"start":{"line":66,"column":0},"end":{"line":66,"column":130}},"67":{"start":{"line":68,"column":0},"end":{"line":68,"column":71}},"68":{"start":{"line":69,"column":0},"end":{"line":69,"column":42}},"70":{"start":{"line":71,"column":0},"end":{"line":71,"column":79}},"71":{"start":{"line":72,"column":0},"end":{"line":72,"column":56}},"72":{"start":{"line":73,"column":0},"end":{"line":73,"column":60}},"80":{"start":{"line":81,"column":0},"end":{"line":81,"column":2}},"82":{"start":{"line":83,"column":0},"end":{"line":83,"column":27}}},"s":{"0":1,"3":1,"5":1,"6":7,"7":7,"8":7,"9":7,"10":7,"12":7,"13":6,"14":5,"15":5,"16":5,"17":4,"18":4,"19":4,"21":4,"22":4,"23":1,"24":1,"25":3,"26":3,"27":4,"28":5,"29":5,"30":5,"31":7,"33":7,"34":1,"35":1,"36":1,"37":1,"43":1,"45":7,"46":3,"47":3,"48":3,"53":3,"55":3,"56":3,"57":3,"58":3,"61":3,"62":3,"63":3,"64":3,"65":3,"67":3,"68":3,"70":3,"71":3,"72":3,"80":3,"82":1},"branchMap":{"0":{"type":"branch","line":6,"loc":{"start":{"line":6,"column":30},"end":{"line":81,"column":2}},"locations":[{"start":{"line":6,"column":30},"end":{"line":81,"column":2}}]},"1":{"type":"branch","line":9,"loc":{"start":{"line":9,"column":34},"end":{"line":9,"column":72}},"locations":[{"start":{"line":9,"column":34},"end":{"line":9,"column":72}}]},"2":{"type":"branch","line":9,"loc":{"start":{"line":9,"column":58},"end":{"line":9,"column":77}},"locations":[{"start":{"line":9,"column":58},"end":{"line":9,"column":77}}]},"3":{"type":"branch","line":34,"loc":{"start":{"line":34,"column":13},"end":{"line":44,"column":3}},"locations":[{"start":{"line":34,"column":13},"end":{"line":44,"column":3}}]},"4":{"type":"branch","line":44,"loc":{"start":{"line":44,"column":2},"end":{"line":46,"column":26}},"locations":[{"start":{"line":44,"column":2},"end":{"line":46,"column":26}}]},"5":{"type":"branch","line":46,"loc":{"start":{"line":46,"column":26},"end":{"line":81,"column":2}},"locations":[{"start":{"line":46,"column":26},"end":{"line":81,"column":2}}]},"6":{"type":"branch","line":13,"loc":{"start":{"line":13,"column":12},"end":{"line":32,"column":5}},"locations":[{"start":{"line":13,"column":12},"end":{"line":32,"column":5}}]},"7":{"type":"branch","line":14,"loc":{"start":{"line":14,"column":14},"end":{"line":31,"column":5}},"locations":[{"start":{"line":14,"column":14},"end":{"line":31,"column":5}}]},"8":{"type":"branch","line":15,"loc":{"start":{"line":15,"column":25},"end":{"line":29,"column":8}},"locations":[{"start":{"line":15,"column":25},"end":{"line":29,"column":8}}]},"9":{"type":"branch","line":17,"loc":{"start":{"line":17,"column":25},"end":{"line":28,"column":9}},"locations":[{"start":{"line":17,"column":25},"end":{"line":28,"column":9}}]},"10":{"type":"branch","line":20,"loc":{"start":{"line":20,"column":12},"end":{"line":20,"column":73}},"locations":[{"start":{"line":20,"column":12},"end":{"line":20,"column":73}}]},"11":{"type":"branch","line":22,"loc":{"start":{"line":22,"column":19},"end":{"line":27,"column":13}},"locations":[{"start":{"line":22,"column":19},"end":{"line":27,"column":13}}]},"12":{"type":"branch","line":23,"loc":{"start":{"line":23,"column":77},"end":{"line":25,"column":13}},"locations":[{"start":{"line":23,"column":77},"end":{"line":25,"column":13}}]},"13":{"type":"branch","line":25,"loc":{"start":{"line":25,"column":12},"end":{"line":27,"column":13}},"locations":[{"start":{"line":25,"column":12},"end":{"line":27,"column":13}}]}},"b":{"0":[7],"1":[6],"2":[1],"3":[1],"4":[6],"5":[3],"6":[6],"7":[5],"8":[5],"9":[4],"10":[9],"11":[4],"12":[1],"13":[3]},"fnMap":{"0":{"name":"TimoutTasks","decl":{"start":{"line":6,"column":30},"end":{"line":81,"column":2}},"loc":{"start":{"line":6,"column":30},"end":{"line":81,"column":2}},"line":6},"1":{"name":"fetchTasks","decl":{"start":{"line":15,"column":25},"end":{"line":29,"column":8}},"loc":{"start":{"line":15,"column":25},"end":{"line":29,"column":8}},"line":15}},"f":{"0":7,"1":5}}
,"/home/bititude/avanthik/task tracker/src/router/router.tsx": {"path":"/home/bititude/avanthik/task tracker/src/router/router.tsx","all":true,"statementMap":{"0":{"start":{"line":1,"column":0},"end":{"line":1,"column":55}},"1":{"start":{"line":2,"column":0},"end":{"line":2,"column":37}},"2":{"start":{"line":3,"column":0},"end":{"line":3,"column":37}},"3":{"start":{"line":4,"column":0},"end":{"line":4,"column":38}},"4":{"start":{"line":5,"column":0},"end":{"line":5,"column":33}},"5":{"start":{"line":6,"column":0},"end":{"line":6,"column":49}},"6":{"start":{"line":7,"column":0},"end":{"line":7,"column":53}},"7":{"start":{"line":8,"column":0},"end":{"line":8,"column":47}},"8":{"start":{"line":9,"column":0},"end":{"line":9,"column":46}},"9":{"start":{"line":10,"column":0},"end":{"line":10,"column":58}},"10":{"start":{"line":11,"column":0},"end":{"line":11,"column":74}},"11":{"start":{"line":12,"column":0},"end":{"line":12,"column":0}},"12":{"start":{"line":13,"column":0},"end":{"line":13,"column":43}},"13":{"start":{"line":14,"column":0},"end":{"line":14,"column":3}},"14":{"start":{"line":15,"column":0},"end":{"line":15,"column":16}},"15":{"start":{"line":16,"column":0},"end":{"line":16,"column":14}},"16":{"start":{"line":17,"column":0},"end":{"line":17,"column":31}},"17":{"start":{"line":18,"column":0},"end":{"line":18,"column":18}},"18":{"start":{"line":19,"column":0},"end":{"line":19,"column":32}},"19":{"start":{"line":20,"column":0},"end":{"line":20,"column":6}},"20":{"start":{"line":21,"column":0},"end":{"line":21,"column":4}},"21":{"start":{"line":22,"column":0},"end":{"line":22,"column":3}},"22":{"start":{"line":23,"column":0},"end":{"line":23,"column":19}},"23":{"start":{"line":24,"column":0},"end":{"line":24,"column":14}},"24":{"start":{"line":25,"column":0},"end":{"line":25,"column":31}},"25":{"start":{"line":26,"column":0},"end":{"line":26,"column":18}},"26":{"start":{"line":27,"column":0},"end":{"line":27,"column":32}},"27":{"start":{"line":28,"column":0},"end":{"line":28,"column":6}},"28":{"start":{"line":29,"column":0},"end":{"line":29,"column":4}},"29":{"start":{"line":30,"column":0},"end":{"line":30,"column":3}},"30":{"start":{"line":31,"column":0},"end":{"line":31,"column":17}},"31":{"start":{"line":32,"column":0},"end":{"line":32,"column":14}},"32":{"start":{"line":33,"column":0},"end":{"line":33,"column":20}},"33":{"start":{"line":34,"column":0},"end":{"line":34,"column":16}},"34":{"start":{"line":35,"column":0},"end":{"line":35,"column":21}},"35":{"start":{"line":36,"column":0},"end":{"line":36,"column":6}},"36":{"start":{"line":37,"column":0},"end":{"line":37,"column":15}},"37":{"start":{"line":38,"column":0},"end":{"line":38,"column":41}},"38":{"start":{"line":39,"column":0},"end":{"line":39,"column":53}},"39":{"start":{"line":40,"column":0},"end":{"line":40,"column":57}},"40":{"start":{"line":41,"column":0},"end":{"line":41,"column":52}},"41":{"start":{"line":42,"column":0},"end":{"line":42,"column":6}},"42":{"start":{"line":43,"column":0},"end":{"line":43,"column":4}},"43":{"start":{"line":44,"column":0},"end":{"line":44,"column":39}},"44":{"start":{"line":45,"column":0},"end":{"line":45,"column":3}}},"s":{"0":0,"1":0,"2":0,"3":0,"4":0,"5":0,"6":0,"7":0,"8":0,"9":0,"10":0,"11":0,"12":0,"13":0,"14":0,"15":0,"16":0,"17":0,"18":0,"19":0,"20":0,"21":0,"22":0,"23":0,"24":0,"25":0,"26":0,"27":0,"28":0,"29":0,"30":0,"31":0,"32":0,"33":0,"34":0,"35":0,"36":0,"37":0,"38":0,"39":0,"40":0,"41":0,"42":0,"43":0,"44":0},"branchMap":{"0":{"type":"branch","line":1,"loc":{"start":{"line":1,"column":0},"end":{"line":45,"column":3}},"locations":[{"start":{"line":1,"column":0},"end":{"line":45,"column":3}}]}},"b":{"0":[0]},"fnMap":{"0":{"name":"(empty-report)","decl":{"start":{"line":1,"column":0},"end":{"line":45,"column":3}},"loc":{"start":{"line":1,"column":0},"end":{"line":45,"column":3}},"line":1}},"f":{"0":0}}
}
