{"/home/bititude/avanthik/task tracker/src/utils.ts": {"path":"/home/bititude/avanthik/task tracker/src/utils.ts","all":false,"statementMap":{"2":{"start":{"line":3,"column":0},"end":{"line":3,"column":35}},"3":{"start":{"line":4,"column":0},"end":{"line":4,"column":11}},"4":{"start":{"line":5,"column":0},"end":{"line":5,"column":8}},"5":{"start":{"line":6,"column":0},"end":{"line":6,"column":11}},"6":{"start":{"line":7,"column":0},"end":{"line":7,"column":8}},"7":{"start":{"line":8,"column":0},"end":{"line":8,"column":19}},"8":{"start":{"line":9,"column":0},"end":{"line":9,"column":20}},"10":{"start":{"line":11,"column":0},"end":{"line":11,"column":54}},"11":{"start":{"line":12,"column":0},"end":{"line":12,"column":31}},"12":{"start":{"line":13,"column":0},"end":{"line":13,"column":64}},"14":{"start":{"line":15,"column":0},"end":{"line":15,"column":48}},"15":{"start":{"line":16,"column":0},"end":{"line":16,"column":77}},"17":{"start":{"line":18,"column":0},"end":{"line":18,"column":15}},"18":{"start":{"line":19,"column":0},"end":{"line":19,"column":45}},"19":{"start":{"line":20,"column":0},"end":{"line":20,"column":36}},"20":{"start":{"line":21,"column":0},"end":{"line":21,"column":58}},"21":{"start":{"line":22,"column":0},"end":{"line":22,"column":33}},"22":{"start":{"line":23,"column":0},"end":{"line":23,"column":65}},"23":{"start":{"line":24,"column":0},"end":{"line":24,"column":3}},"25":{"start":{"line":26,"column":0},"end":{"line":26,"column":54}},"26":{"start":{"line":27,"column":0},"end":{"line":27,"column":31}},"27":{"start":{"line":28,"column":0},"end":{"line":28,"column":64}},"28":{"start":{"line":29,"column":0},"end":{"line":29,"column":16}},"29":{"start":{"line":30,"column":0},"end":{"line":30,"column":2}},"31":{"start":{"line":32,"column":0},"end":{"line":32,"column":37}},"32":{"start":{"line":33,"column":0},"end":{"line":33,"column":25}},"33":{"start":{"line":34,"column":0},"end":{"line":34,"column":45}},"34":{"start":{"line":35,"column":0},"end":{"line":35,"column":10}},"36":{"start":{"line":37,"column":0},"end":{"line":37,"column":52}},"37":{"start":{"line":38,"column":0},"end":{"line":38,"column":79}},"38":{"start":{"line":39,"column":0},"end":{"line":39,"column":53}},"39":{"start":{"line":40,"column":0},"end":{"line":40,"column":18}},"40":{"start":{"line":41,"column":0},"end":{"line":41,"column":75}},"41":{"start":{"line":42,"column":0},"end":{"line":42,"column":12}},"43":{"start":{"line":44,"column":0},"end":{"line":44,"column":62}},"44":{"start":{"line":45,"column":0},"end":{"line":45,"column":25}},"45":{"start":{"line":46,"column":0},"end":{"line":46,"column":2}}},"s":{"2":1,"3":5,"4":5,"5":5,"6":5,"7":5,"8":5,"10":5,"11":3,"12":3,"14":5,"15":2,"17":5,"18":4,"19":5,"20":0,"21":1,"22":0,"23":0,"25":5,"26":0,"27":0,"28":5,"29":5,"31":1,"32":0,"33":0,"34":0,"36":0,"37":0,"38":0,"39":0,"40":0,"41":0,"43":0,"44":0,"45":0},"branchMap":{"0":{"type":"branch","line":3,"loc":{"start":{"line":3,"column":33},"end":{"line":30,"column":2}},"locations":[{"start":{"line":3,"column":33},"end":{"line":30,"column":2}}]},"1":{"type":"branch","line":11,"loc":{"start":{"line":11,"column":17},"end":{"line":11,"column":54}},"locations":[{"start":{"line":11,"column":17},"end":{"line":11,"column":54}}]},"2":{"type":"branch","line":11,"loc":{"start":{"line":11,"column":29},"end":{"line":13,"column":64}},"locations":[{"start":{"line":11,"column":29},"end":{"line":13,"column":64}}]},"3":{"type":"branch","line":13,"loc":{"start":{"line":13,"column":4},"end":{"line":13,"column":64}},"locations":[{"start":{"line":13,"column":4},"end":{"line":13,"column":64}}]},"4":{"type":"branch","line":15,"loc":{"start":{"line":15,"column":14},"end":{"line":15,"column":48}},"locations":[{"start":{"line":15,"column":14},"end":{"line":15,"column":48}}]},"5":{"type":"branch","line":15,"loc":{"start":{"line":15,"column":26},"end":{"line":16,"column":77}},"locations":[{"start":{"line":15,"column":26},"end":{"line":16,"column":77}}]},"6":{"type":"branch","line":16,"loc":{"start":{"line":16,"column":40},"end":{"line":16,"column":77}},"locations":[{"start":{"line":16,"column":40},"end":{"line":16,"column":77}}]},"7":{"type":"branch","line":18,"loc":{"start":{"line":18,"column":14},"end":{"line":20,"column":9}},"locations":[{"start":{"line":18,"column":14},"end":{"line":20,"column":9}}]},"8":{"type":"branch","line":20,"loc":{"start":{"line":20,"column":2},"end":{"line":24,"column":3}},"locations":[{"start":{"line":20,"column":2},"end":{"line":24,"column":3}}]},"9":{"type":"branch","line":20,"loc":{"start":{"line":20,"column":35},"end":{"line":22,"column":9}},"locations":[{"start":{"line":20,"column":35},"end":{"line":22,"column":9}}]},"10":{"type":"branch","line":22,"loc":{"start":{"line":22,"column":32},"end":{"line":24,"column":3}},"locations":[{"start":{"line":22,"column":32},"end":{"line":24,"column":3}}]},"11":{"type":"branch","line":26,"loc":{"start":{"line":26,"column":29},"end":{"line":28,"column":64}},"locations":[{"start":{"line":26,"column":29},"end":{"line":28,"column":64}}]}},"b":{"0":[5],"1":[2],"2":[3],"3":[0],"4":[3],"5":[2],"6":[0],"7":[4],"8":[1],"9":[0],"10":[0],"11":[0]},"fnMap":{"0":{"name":"validateUserInput","decl":{"start":{"line":3,"column":33},"end":{"line":30,"column":2}},"loc":{"start":{"line":3,"column":33},"end":{"line":30,"column":2}},"line":3},"1":{"name":"handleCheckboxChange","decl":{"start":{"line":32,"column":36},"end":{"line":46,"column":2}},"loc":{"start":{"line":32,"column":36},"end":{"line":46,"column":2}},"line":32}},"f":{"0":5,"1":0}}
,"/home/bititude/avanthik/task tracker/src/components/Error.tsx": {"path":"/home/bititude/avanthik/task tracker/src/components/Error.tsx","all":false,"statementMap":{"0":{"start":{"line":1,"column":0},"end":{"line":1,"column":26}},"3":{"start":{"line":4,"column":0},"end":{"line":4,"column":56}},"4":{"start":{"line":5,"column":0},"end":{"line":5,"column":10}},"5":{"start":{"line":6,"column":0},"end":{"line":6,"column":9}},"6":{"start":{"line":7,"column":0},"end":{"line":7,"column":54}},"9":{"start":{"line":10,"column":0},"end":{"line":10,"column":2}},"11":{"start":{"line":12,"column":0},"end":{"line":12,"column":21}}},"s":{"0":1,"3":1,"4":12,"5":12,"6":12,"9":12,"11":1},"branchMap":{"0":{"type":"branch","line":4,"loc":{"start":{"line":4,"column":38},"end":{"line":10,"column":2}},"locations":[{"start":{"line":4,"column":38},"end":{"line":10,"column":2}}]}},"b":{"0":[12]},"fnMap":{"0":{"name":"Error","decl":{"start":{"line":4,"column":38},"end":{"line":10,"column":2}},"loc":{"start":{"line":4,"column":38},"end":{"line":10,"column":2}},"line":4}},"f":{"0":12}}
,"/home/bititude/avanthik/task tracker/src/pages/Signup.tsx": {"path":"/home/bititude/avanthik/task tracker/src/pages/Signup.tsx","all":false,"statementMap":{"0":{"start":{"line":1,"column":0},"end":{"line":1,"column":51}},"1":{"start":{"line":2,"column":0},"end":{"line":2,"column":40}},"2":{"start":{"line":3,"column":0},"end":{"line":3,"column":53}},"3":{"start":{"line":4,"column":0},"end":{"line":4,"column":62}},"4":{"start":{"line":5,"column":0},"end":{"line":5,"column":45}},"7":{"start":{"line":8,"column":0},"end":{"line":8,"column":32}},"8":{"start":{"line":9,"column":0},"end":{"line":9,"column":33}},"9":{"start":{"line":10,"column":0},"end":{"line":10,"column":48}},"10":{"start":{"line":11,"column":0},"end":{"line":11,"column":56}},"11":{"start":{"line":12,"column":0},"end":{"line":12,"column":32}},"12":{"start":{"line":13,"column":0},"end":{"line":13,"column":17}},"13":{"start":{"line":14,"column":0},"end":{"line":14,"column":14}},"14":{"start":{"line":15,"column":0},"end":{"line":15,"column":14}},"15":{"start":{"line":16,"column":0},"end":{"line":16,"column":20}},"16":{"start":{"line":17,"column":0},"end":{"line":17,"column":17}},"17":{"start":{"line":18,"column":0},"end":{"line":18,"column":5}},"18":{"start":{"line":19,"column":0},"end":{"line":19,"column":49}},"20":{"start":{"line":21,"column":0},"end":{"line":21,"column":19}},"21":{"start":{"line":22,"column":0},"end":{"line":22,"column":16}},"22":{"start":{"line":23,"column":0},"end":{"line":23,"column":44}},"23":{"start":{"line":24,"column":0},"end":{"line":24,"column":21}},"24":{"start":{"line":25,"column":0},"end":{"line":25,"column":15}},"25":{"start":{"line":26,"column":0},"end":{"line":26,"column":20}},"26":{"start":{"line":27,"column":0},"end":{"line":27,"column":34}},"27":{"start":{"line":28,"column":0},"end":{"line":28,"column":8}},"28":{"start":{"line":29,"column":0},"end":{"line":29,"column":5}},"29":{"start":{"line":30,"column":0},"end":{"line":30,"column":14}},"31":{"start":{"line":32,"column":0},"end":{"line":32,"column":77}},"32":{"start":{"line":33,"column":0},"end":{"line":33,"column":28}},"33":{"start":{"line":34,"column":0},"end":{"line":34,"column":14}},"34":{"start":{"line":35,"column":0},"end":{"line":35,"column":46}},"35":{"start":{"line":36,"column":0},"end":{"line":36,"column":8}},"36":{"start":{"line":37,"column":0},"end":{"line":37,"column":4}},"38":{"start":{"line":39,"column":0},"end":{"line":39,"column":56}},"39":{"start":{"line":40,"column":0},"end":{"line":40,"column":27}},"40":{"start":{"line":41,"column":0},"end":{"line":41,"column":53}},"41":{"start":{"line":42,"column":0},"end":{"line":42,"column":62}},"42":{"start":{"line":43,"column":0},"end":{"line":43,"column":19}},"43":{"start":{"line":44,"column":0},"end":{"line":44,"column":5}},"44":{"start":{"line":45,"column":0},"end":{"line":45,"column":47}},"45":{"start":{"line":46,"column":0},"end":{"line":46,"column":41}},"46":{"start":{"line":47,"column":0},"end":{"line":47,"column":26}},"47":{"start":{"line":48,"column":0},"end":{"line":48,"column":19}},"48":{"start":{"line":49,"column":0},"end":{"line":49,"column":5}},"50":{"start":{"line":51,"column":0},"end":{"line":51,"column":21}},"51":{"start":{"line":52,"column":0},"end":{"line":52,"column":68}},"52":{"start":{"line":53,"column":0},"end":{"line":53,"column":25}},"53":{"start":{"line":54,"column":0},"end":{"line":54,"column":57}},"54":{"start":{"line":55,"column":0},"end":{"line":55,"column":37}},"55":{"start":{"line":56,"column":0},"end":{"line":56,"column":22}},"56":{"start":{"line":57,"column":0},"end":{"line":57,"column":23}},"57":{"start":{"line":58,"column":0},"end":{"line":58,"column":4}},"59":{"start":{"line":60,"column":0},"end":{"line":60,"column":28}},"60":{"start":{"line":61,"column":0},"end":{"line":61,"column":53}},"61":{"start":{"line":62,"column":0},"end":{"line":62,"column":62}},"62":{"start":{"line":63,"column":0},"end":{"line":63,"column":5}},"63":{"start":{"line":64,"column":0},"end":{"line":64,"column":4}},"65":{"start":{"line":66,"column":0},"end":{"line":66,"column":10}},"66":{"start":{"line":67,"column":0},"end":{"line":67,"column":6}},"67":{"start":{"line":68,"column":0},"end":{"line":68,"column":77}},"70":{"start":{"line":71,"column":0},"end":{"line":71,"column":17}},"71":{"start":{"line":72,"column":0},"end":{"line":72,"column":103}},"72":{"start":{"line":73,"column":0},"end":{"line":73,"column":35}},"76":{"start":{"line":77,"column":0},"end":{"line":77,"column":79}},"77":{"start":{"line":78,"column":0},"end":{"line":78,"column":54}},"78":{"start":{"line":79,"column":0},"end":{"line":79,"column":32}},"79":{"start":{"line":80,"column":0},"end":{"line":80,"column":18}},"80":{"start":{"line":81,"column":0},"end":{"line":81,"column":32}},"81":{"start":{"line":82,"column":0},"end":{"line":82,"column":70}},"82":{"start":{"line":83,"column":0},"end":{"line":83,"column":13}},"85":{"start":{"line":86,"column":0},"end":{"line":86,"column":18}},"86":{"start":{"line":87,"column":0},"end":{"line":87,"column":22}},"87":{"start":{"line":88,"column":0},"end":{"line":88,"column":25}},"88":{"start":{"line":89,"column":0},"end":{"line":89,"column":29}},"89":{"start":{"line":90,"column":0},"end":{"line":90,"column":39}},"90":{"start":{"line":91,"column":0},"end":{"line":91,"column":42}},"91":{"start":{"line":92,"column":0},"end":{"line":92,"column":27}},"92":{"start":{"line":93,"column":0},"end":{"line":93,"column":128}},"96":{"start":{"line":97,"column":0},"end":{"line":97,"column":32}},"97":{"start":{"line":98,"column":0},"end":{"line":98,"column":18}},"98":{"start":{"line":99,"column":0},"end":{"line":99,"column":29}},"99":{"start":{"line":100,"column":0},"end":{"line":100,"column":70}},"100":{"start":{"line":101,"column":0},"end":{"line":101,"column":13}},"103":{"start":{"line":104,"column":0},"end":{"line":104,"column":18}},"104":{"start":{"line":105,"column":0},"end":{"line":105,"column":22}},"105":{"start":{"line":106,"column":0},"end":{"line":106,"column":26}},"106":{"start":{"line":107,"column":0},"end":{"line":107,"column":26}},"107":{"start":{"line":108,"column":0},"end":{"line":108,"column":36}},"108":{"start":{"line":109,"column":0},"end":{"line":109,"column":42}},"109":{"start":{"line":110,"column":0},"end":{"line":110,"column":24}},"110":{"start":{"line":111,"column":0},"end":{"line":111,"column":128}},"114":{"start":{"line":115,"column":0},"end":{"line":115,"column":32}},"115":{"start":{"line":116,"column":0},"end":{"line":116,"column":18}},"116":{"start":{"line":117,"column":0},"end":{"line":117,"column":29}},"117":{"start":{"line":118,"column":0},"end":{"line":118,"column":70}},"118":{"start":{"line":119,"column":0},"end":{"line":119,"column":13}},"121":{"start":{"line":122,"column":0},"end":{"line":122,"column":18}},"122":{"start":{"line":123,"column":0},"end":{"line":123,"column":22}},"123":{"start":{"line":124,"column":0},"end":{"line":124,"column":25}},"124":{"start":{"line":125,"column":0},"end":{"line":125,"column":45}},"125":{"start":{"line":126,"column":0},"end":{"line":126,"column":26}},"126":{"start":{"line":127,"column":0},"end":{"line":127,"column":36}},"127":{"start":{"line":128,"column":0},"end":{"line":128,"column":42}},"128":{"start":{"line":129,"column":0},"end":{"line":129,"column":24}},"129":{"start":{"line":130,"column":0},"end":{"line":130,"column":128}},"133":{"start":{"line":134,"column":0},"end":{"line":134,"column":32}},"134":{"start":{"line":135,"column":0},"end":{"line":135,"column":18}},"135":{"start":{"line":136,"column":0},"end":{"line":136,"column":32}},"136":{"start":{"line":137,"column":0},"end":{"line":137,"column":70}},"137":{"start":{"line":138,"column":0},"end":{"line":138,"column":13}},"140":{"start":{"line":141,"column":0},"end":{"line":141,"column":18}},"141":{"start":{"line":142,"column":0},"end":{"line":142,"column":22}},"142":{"start":{"line":143,"column":0},"end":{"line":143,"column":29}},"143":{"start":{"line":144,"column":0},"end":{"line":144,"column":29}},"144":{"start":{"line":145,"column":0},"end":{"line":145,"column":39}},"145":{"start":{"line":146,"column":0},"end":{"line":146,"column":42}},"146":{"start":{"line":147,"column":0},"end":{"line":147,"column":27}},"147":{"start":{"line":148,"column":0},"end":{"line":148,"column":128}},"151":{"start":{"line":152,"column":0},"end":{"line":152,"column":32}},"152":{"start":{"line":153,"column":0},"end":{"line":153,"column":18}},"153":{"start":{"line":154,"column":0},"end":{"line":154,"column":35}},"154":{"start":{"line":155,"column":0},"end":{"line":155,"column":70}},"155":{"start":{"line":156,"column":0},"end":{"line":156,"column":13}},"158":{"start":{"line":159,"column":0},"end":{"line":159,"column":18}},"159":{"start":{"line":160,"column":0},"end":{"line":160,"column":22}},"160":{"start":{"line":161,"column":0},"end":{"line":161,"column":29}},"161":{"start":{"line":162,"column":0},"end":{"line":162,"column":42}},"162":{"start":{"line":163,"column":0},"end":{"line":163,"column":32}},"163":{"start":{"line":164,"column":0},"end":{"line":164,"column":33}},"164":{"start":{"line":165,"column":0},"end":{"line":165,"column":42}},"165":{"start":{"line":166,"column":0},"end":{"line":166,"column":30}},"166":{"start":{"line":167,"column":0},"end":{"line":167,"column":128}},"170":{"start":{"line":171,"column":0},"end":{"line":171,"column":17}},"171":{"start":{"line":172,"column":0},"end":{"line":172,"column":25}},"172":{"start":{"line":173,"column":0},"end":{"line":173,"column":41}},"173":{"start":{"line":174,"column":0},"end":{"line":174,"column":127}},"175":{"start":{"line":176,"column":0},"end":{"line":176,"column":24}},"176":{"start":{"line":177,"column":0},"end":{"line":177,"column":64}},"178":{"start":{"line":179,"column":0},"end":{"line":179,"column":22}},"181":{"start":{"line":182,"column":0},"end":{"line":182,"column":71}},"182":{"start":{"line":183,"column":0},"end":{"line":183,"column":59}},"188":{"start":{"line":189,"column":0},"end":{"line":189,"column":2}},"190":{"start":{"line":191,"column":0},"end":{"line":191,"column":22}}},"s":{"0":1,"1":1,"2":1,"3":1,"4":1,"7":1,"8":43,"9":43,"10":43,"11":43,"12":43,"13":43,"14":43,"15":43,"16":43,"17":43,"18":43,"20":43,"21":16,"22":8,"23":1,"24":8,"25":8,"26":8,"27":8,"28":8,"29":43,"31":43,"32":26,"33":26,"34":26,"35":26,"36":26,"38":43,"39":7,"40":7,"41":2,"42":2,"43":2,"44":5,"45":5,"46":5,"47":5,"48":5,"50":0,"51":0,"52":7,"53":7,"54":7,"55":7,"56":7,"57":7,"59":43,"60":1,"61":1,"62":1,"63":1,"65":43,"66":43,"67":43,"70":43,"71":43,"72":43,"76":43,"77":43,"78":43,"79":43,"80":43,"81":43,"82":43,"85":43,"86":43,"87":43,"88":43,"89":43,"90":43,"91":43,"92":43,"96":43,"97":43,"98":43,"99":43,"100":43,"103":43,"104":43,"105":43,"106":43,"107":43,"108":43,"109":43,"110":43,"114":43,"115":43,"116":43,"117":43,"118":43,"121":43,"122":43,"123":43,"124":43,"125":43,"126":43,"127":43,"128":43,"129":43,"133":43,"134":43,"135":43,"136":43,"137":43,"140":43,"141":43,"142":43,"143":43,"144":43,"145":43,"146":43,"147":43,"151":43,"152":43,"153":43,"154":43,"155":43,"158":43,"159":43,"160":43,"161":43,"162":43,"163":43,"164":43,"165":43,"166":43,"170":43,"171":43,"172":43,"173":43,"175":43,"176":0,"178":0,"181":43,"182":43,"188":43,"190":1},"branchMap":{"0":{"type":"branch","line":8,"loc":{"start":{"line":8,"column":25},"end":{"line":189,"column":2}},"locations":[{"start":{"line":8,"column":25},"end":{"line":189,"column":2}}]},"1":{"type":"branch","line":173,"loc":{"start":{"line":173,"column":24},"end":{"line":173,"column":41}},"locations":[{"start":{"line":173,"column":24},"end":{"line":173,"column":41}}]},"2":{"type":"branch","line":176,"loc":{"start":{"line":176,"column":13},"end":{"line":179,"column":22}},"locations":[{"start":{"line":176,"column":13},"end":{"line":179,"column":22}}]},"3":{"type":"branch","line":179,"loc":{"start":{"line":179,"column":14},"end":{"line":179,"column":22}},"locations":[{"start":{"line":179,"column":14},"end":{"line":179,"column":22}}]},"4":{"type":"branch","line":21,"loc":{"start":{"line":21,"column":12},"end":{"line":30,"column":5}},"locations":[{"start":{"line":21,"column":12},"end":{"line":30,"column":5}}]},"5":{"type":"branch","line":22,"loc":{"start":{"line":22,"column":15},"end":{"line":29,"column":5}},"locations":[{"start":{"line":22,"column":15},"end":{"line":29,"column":5}}]},"6":{"type":"branch","line":23,"loc":{"start":{"line":23,"column":37},"end":{"line":25,"column":9}},"locations":[{"start":{"line":23,"column":37},"end":{"line":25,"column":9}}]},"7":{"type":"branch","line":26,"loc":{"start":{"line":26,"column":13},"end":{"line":28,"column":8}},"locations":[{"start":{"line":26,"column":13},"end":{"line":28,"column":8}}]},"8":{"type":"branch","line":32,"loc":{"start":{"line":32,"column":28},"end":{"line":37,"column":4}},"locations":[{"start":{"line":32,"column":28},"end":{"line":37,"column":4}}]},"9":{"type":"branch","line":33,"loc":{"start":{"line":33,"column":16},"end":{"line":36,"column":8}},"locations":[{"start":{"line":33,"column":16},"end":{"line":36,"column":8}}]},"10":{"type":"branch","line":39,"loc":{"start":{"line":39,"column":27},"end":{"line":58,"column":4}},"locations":[{"start":{"line":39,"column":27},"end":{"line":58,"column":4}}]},"11":{"type":"branch","line":41,"loc":{"start":{"line":41,"column":52},"end":{"line":44,"column":5}},"locations":[{"start":{"line":41,"column":52},"end":{"line":44,"column":5}}]},"12":{"type":"branch","line":44,"loc":{"start":{"line":44,"column":4},"end":{"line":49,"column":5}},"locations":[{"start":{"line":44,"column":4},"end":{"line":49,"column":5}}]},"13":{"type":"branch","line":49,"loc":{"start":{"line":49,"column":4},"end":{"line":52,"column":68}},"locations":[{"start":{"line":49,"column":4},"end":{"line":52,"column":68}}]},"14":{"type":"branch","line":60,"loc":{"start":{"line":60,"column":21},"end":{"line":64,"column":4}},"locations":[{"start":{"line":60,"column":21},"end":{"line":64,"column":4}}]}},"b":{"0":[43],"1":[30],"2":[0],"3":[42],"4":[16],"5":[8],"6":[1],"7":[8],"8":[26],"9":[26],"10":[7],"11":[2],"12":[5],"13":[0],"14":[1]},"fnMap":{"0":{"name":"Signup","decl":{"start":{"line":8,"column":25},"end":{"line":189,"column":2}},"loc":{"start":{"line":8,"column":25},"end":{"line":189,"column":2}},"line":8},"1":{"name":"handleInputChange","decl":{"start":{"line":32,"column":28},"end":{"line":37,"column":4}},"loc":{"start":{"line":32,"column":28},"end":{"line":37,"column":4}},"line":32},"2":{"name":"handleSubmitForm","decl":{"start":{"line":39,"column":27},"end":{"line":58,"column":4}},"loc":{"start":{"line":39,"column":27},"end":{"line":58,"column":4}},"line":39},"3":{"name":"handleBlur","decl":{"start":{"line":60,"column":21},"end":{"line":64,"column":4}},"loc":{"start":{"line":60,"column":21},"end":{"line":64,"column":4}},"line":60}},"f":{"0":43,"1":26,"2":7,"3":1}}
}
